{"C:\\Users\\recko\\Desktop\\office task manager app\\backend\\src\\controller\\user.controller.ts": {"path":"C:\\Users\\recko\\Desktop\\office task manager app\\backend\\src\\controller\\user.controller.ts","statementMap":{"0":{"start":{"line":2,"column":0},"end":{"line":2,"column":56}},"1":{"start":{"line":4,"column":0},"end":{"line":4,"column":59}},"2":{"start":{"line":6,"column":24},"end":{"line":13,"column":1}},"3":{"start":{"line":7,"column":4},"end":{"line":12,"column":5}},"4":{"start":{"line":8,"column":22},"end":{"line":8,"column":51}},"5":{"start":{"line":9,"column":8},"end":{"line":9,"column":59}},"6":{"start":{"line":11,"column":8},"end":{"line":11,"column":18}},"7":{"start":{"line":6,"column":13},"end":{"line":6,"column":24}},"8":{"start":{"line":15,"column":27},"end":{"line":27,"column":1}},"9":{"start":{"line":16,"column":4},"end":{"line":26,"column":5}},"10":{"start":{"line":17,"column":19},"end":{"line":17,"column":32}},"11":{"start":{"line":18,"column":8},"end":{"line":18,"column":91}},"12":{"start":{"line":18,"column":36},"end":{"line":18,"column":91}},"13":{"start":{"line":19,"column":21},"end":{"line":19,"column":55}},"14":{"start":{"line":20,"column":8},"end":{"line":22,"column":9}},"15":{"start":{"line":21,"column":12},"end":{"line":21,"column":71}},"16":{"start":{"line":23,"column":8},"end":{"line":23,"column":54}},"17":{"start":{"line":25,"column":8},"end":{"line":25,"column":18}},"18":{"start":{"line":15,"column":13},"end":{"line":15,"column":27}},"19":{"start":{"line":29,"column":30},"end":{"line":41,"column":1}},"20":{"start":{"line":30,"column":4},"end":{"line":40,"column":5}},"21":{"start":{"line":31,"column":22},"end":{"line":31,"column":38}},"22":{"start":{"line":32,"column":8},"end":{"line":32,"column":97}},"23":{"start":{"line":32,"column":39},"end":{"line":32,"column":97}},"24":{"start":{"line":33,"column":21},"end":{"line":33,"column":61}},"25":{"start":{"line":34,"column":8},"end":{"line":36,"column":9}},"26":{"start":{"line":35,"column":12},"end":{"line":35,"column":71}},"27":{"start":{"line":37,"column":8},"end":{"line":37,"column":54}},"28":{"start":{"line":39,"column":8},"end":{"line":39,"column":18}},"29":{"start":{"line":29,"column":13},"end":{"line":29,"column":30}},"30":{"start":{"line":43,"column":33},"end":{"line":55,"column":1}},"31":{"start":{"line":44,"column":4},"end":{"line":54,"column":5}},"32":{"start":{"line":45,"column":25},"end":{"line":45,"column":44}},"33":{"start":{"line":46,"column":8},"end":{"line":46,"column":103}},"34":{"start":{"line":46,"column":42},"end":{"line":46,"column":103}},"35":{"start":{"line":47,"column":21},"end":{"line":47,"column":67}},"36":{"start":{"line":48,"column":8},"end":{"line":50,"column":9}},"37":{"start":{"line":49,"column":12},"end":{"line":49,"column":71}},"38":{"start":{"line":51,"column":8},"end":{"line":51,"column":54}},"39":{"start":{"line":53,"column":8},"end":{"line":53,"column":18}},"40":{"start":{"line":43,"column":13},"end":{"line":43,"column":33}},"41":{"start":{"line":57,"column":26},"end":{"line":65,"column":1}},"42":{"start":{"line":58,"column":4},"end":{"line":64,"column":5}},"43":{"start":{"line":59,"column":39},"end":{"line":59,"column":47}},"44":{"start":{"line":60,"column":21},"end":{"line":60,"column":58}},"45":{"start":{"line":61,"column":8},"end":{"line":61,"column":54}},"46":{"start":{"line":63,"column":8},"end":{"line":63,"column":18}},"47":{"start":{"line":57,"column":13},"end":{"line":57,"column":26}},"48":{"start":{"line":67,"column":26},"end":{"line":80,"column":1}},"49":{"start":{"line":68,"column":4},"end":{"line":79,"column":5}},"50":{"start":{"line":69,"column":19},"end":{"line":69,"column":32}},"51":{"start":{"line":70,"column":8},"end":{"line":70,"column":91}},"52":{"start":{"line":70,"column":36},"end":{"line":70,"column":91}},"53":{"start":{"line":71,"column":39},"end":{"line":71,"column":47}},"54":{"start":{"line":72,"column":21},"end":{"line":72,"column":62}},"55":{"start":{"line":73,"column":8},"end":{"line":75,"column":9}},"56":{"start":{"line":74,"column":12},"end":{"line":74,"column":71}},"57":{"start":{"line":76,"column":8},"end":{"line":76,"column":54}},"58":{"start":{"line":78,"column":8},"end":{"line":78,"column":18}},"59":{"start":{"line":67,"column":13},"end":{"line":67,"column":26}},"60":{"start":{"line":82,"column":26},"end":{"line":92,"column":1}},"61":{"start":{"line":83,"column":4},"end":{"line":91,"column":5}},"62":{"start":{"line":84,"column":19},"end":{"line":84,"column":32}},"63":{"start":{"line":85,"column":8},"end":{"line":85,"column":91}},"64":{"start":{"line":85,"column":36},"end":{"line":85,"column":91}},"65":{"start":{"line":86,"column":23},"end":{"line":86,"column":59}},"66":{"start":{"line":87,"column":8},"end":{"line":87,"column":80}},"67":{"start":{"line":87,"column":21},"end":{"line":87,"column":80}},"68":{"start":{"line":88,"column":8},"end":{"line":88,"column":56}},"69":{"start":{"line":90,"column":8},"end":{"line":90,"column":18}},"70":{"start":{"line":82,"column":13},"end":{"line":82,"column":26}}},"fnMap":{"0":{"name":"(anonymous_9)","decl":{"start":{"line":6,"column":24},"end":{"line":6,"column":29}},"loc":{"start":{"line":6,"column":82},"end":{"line":13,"column":1}}},"1":{"name":"(anonymous_10)","decl":{"start":{"line":15,"column":27},"end":{"line":15,"column":32}},"loc":{"start":{"line":15,"column":85},"end":{"line":27,"column":1}}},"2":{"name":"(anonymous_11)","decl":{"start":{"line":29,"column":30},"end":{"line":29,"column":35}},"loc":{"start":{"line":29,"column":88},"end":{"line":41,"column":1}}},"3":{"name":"(anonymous_12)","decl":{"start":{"line":43,"column":33},"end":{"line":43,"column":38}},"loc":{"start":{"line":43,"column":91},"end":{"line":55,"column":1}}},"4":{"name":"(anonymous_13)","decl":{"start":{"line":57,"column":26},"end":{"line":57,"column":31}},"loc":{"start":{"line":57,"column":84},"end":{"line":65,"column":1}}},"5":{"name":"(anonymous_14)","decl":{"start":{"line":67,"column":26},"end":{"line":67,"column":31}},"loc":{"start":{"line":67,"column":84},"end":{"line":80,"column":1}}},"6":{"name":"(anonymous_15)","decl":{"start":{"line":82,"column":26},"end":{"line":82,"column":31}},"loc":{"start":{"line":82,"column":84},"end":{"line":92,"column":1}}}},"branchMap":{"0":{"loc":{"start":{"line":18,"column":8},"end":{"line":18,"column":91}},"type":"if","locations":[{"start":{"line":18,"column":8},"end":{"line":18,"column":91}},{"start":{},"end":{}}]},"1":{"loc":{"start":{"line":20,"column":8},"end":{"line":22,"column":9}},"type":"if","locations":[{"start":{"line":20,"column":8},"end":{"line":22,"column":9}},{"start":{},"end":{}}]},"2":{"loc":{"start":{"line":32,"column":8},"end":{"line":32,"column":97}},"type":"if","locations":[{"start":{"line":32,"column":8},"end":{"line":32,"column":97}},{"start":{},"end":{}}]},"3":{"loc":{"start":{"line":34,"column":8},"end":{"line":36,"column":9}},"type":"if","locations":[{"start":{"line":34,"column":8},"end":{"line":36,"column":9}},{"start":{},"end":{}}]},"4":{"loc":{"start":{"line":46,"column":8},"end":{"line":46,"column":103}},"type":"if","locations":[{"start":{"line":46,"column":8},"end":{"line":46,"column":103}},{"start":{},"end":{}}]},"5":{"loc":{"start":{"line":48,"column":8},"end":{"line":50,"column":9}},"type":"if","locations":[{"start":{"line":48,"column":8},"end":{"line":50,"column":9}},{"start":{},"end":{}}]},"6":{"loc":{"start":{"line":70,"column":8},"end":{"line":70,"column":91}},"type":"if","locations":[{"start":{"line":70,"column":8},"end":{"line":70,"column":91}},{"start":{},"end":{}}]},"7":{"loc":{"start":{"line":73,"column":8},"end":{"line":75,"column":9}},"type":"if","locations":[{"start":{"line":73,"column":8},"end":{"line":75,"column":9}},{"start":{},"end":{}}]},"8":{"loc":{"start":{"line":85,"column":8},"end":{"line":85,"column":91}},"type":"if","locations":[{"start":{"line":85,"column":8},"end":{"line":85,"column":91}},{"start":{},"end":{}}]},"9":{"loc":{"start":{"line":87,"column":8},"end":{"line":87,"column":80}},"type":"if","locations":[{"start":{"line":87,"column":8},"end":{"line":87,"column":80}},{"start":{},"end":{}}]}},"s":{"0":1,"1":1,"2":1,"3":1,"4":1,"5":1,"6":0,"7":1,"8":1,"9":2,"10":2,"11":2,"12":0,"13":2,"14":2,"15":1,"16":1,"17":0,"18":1,"19":1,"20":0,"21":0,"22":0,"23":0,"24":0,"25":0,"26":0,"27":0,"28":0,"29":1,"30":1,"31":0,"32":0,"33":0,"34":0,"35":0,"36":0,"37":0,"38":0,"39":0,"40":1,"41":1,"42":1,"43":1,"44":1,"45":1,"46":0,"47":1,"48":1,"49":1,"50":1,"51":1,"52":0,"53":1,"54":1,"55":1,"56":0,"57":1,"58":0,"59":1,"60":1,"61":1,"62":1,"63":1,"64":0,"65":1,"66":1,"67":0,"68":1,"69":0,"70":1},"f":{"0":1,"1":2,"2":0,"3":0,"4":1,"5":1,"6":1},"b":{"0":[0,2],"1":[1,1],"2":[0,0],"3":[0,0],"4":[0,0],"5":[0,0],"6":[0,1],"7":[0,1],"8":[0,1],"9":[0,1]}}
,"C:\\Users\\recko\\Desktop\\office task manager app\\backend\\src\\dao\\user.dao.ts": {"path":"C:\\Users\\recko\\Desktop\\office task manager app\\backend\\src\\dao\\user.dao.ts","statementMap":{"0":{"start":{"line":1,"column":0},"end":{"line":1,"column":51}},"1":{"start":{"line":3,"column":23},"end":{"line":5,"column":1}},"2":{"start":{"line":4,"column":4},"end":{"line":4,"column":80}},"3":{"start":{"line":3,"column":13},"end":{"line":3,"column":23}},"4":{"start":{"line":7,"column":24},"end":{"line":9,"column":1}},"5":{"start":{"line":8,"column":4},"end":{"line":8,"column":86}},"6":{"start":{"line":7,"column":13},"end":{"line":7,"column":24}},"7":{"start":{"line":11,"column":27},"end":{"line":13,"column":1}},"8":{"start":{"line":12,"column":4},"end":{"line":12,"column":92}},"9":{"start":{"line":11,"column":13},"end":{"line":11,"column":27}},"10":{"start":{"line":15,"column":30},"end":{"line":17,"column":1}},"11":{"start":{"line":16,"column":4},"end":{"line":16,"column":95}},"12":{"start":{"line":15,"column":13},"end":{"line":15,"column":30}},"13":{"start":{"line":19,"column":26},"end":{"line":22,"column":1}},"14":{"start":{"line":20,"column":17},"end":{"line":20,"column":31}},"15":{"start":{"line":21,"column":4},"end":{"line":21,"column":29}},"16":{"start":{"line":19,"column":13},"end":{"line":19,"column":26}},"17":{"start":{"line":24,"column":26},"end":{"line":26,"column":1}},"18":{"start":{"line":25,"column":4},"end":{"line":25,"column":119}},"19":{"start":{"line":24,"column":13},"end":{"line":24,"column":26}},"20":{"start":{"line":28,"column":30},"end":{"line":34,"column":1}},"21":{"start":{"line":29,"column":4},"end":{"line":33,"column":57}},"22":{"start":{"line":28,"column":13},"end":{"line":28,"column":30}}},"fnMap":{"0":{"name":"(anonymous_1)","decl":{"start":{"line":3,"column":23},"end":{"line":3,"column":28}},"loc":{"start":{"line":3,"column":52},"end":{"line":5,"column":1}}},"1":{"name":"(anonymous_2)","decl":{"start":{"line":7,"column":24},"end":{"line":7,"column":29}},"loc":{"start":{"line":7,"column":68},"end":{"line":9,"column":1}}},"2":{"name":"(anonymous_3)","decl":{"start":{"line":11,"column":27},"end":{"line":11,"column":32}},"loc":{"start":{"line":11,"column":74},"end":{"line":13,"column":1}}},"3":{"name":"(anonymous_4)","decl":{"start":{"line":15,"column":30},"end":{"line":15,"column":35}},"loc":{"start":{"line":15,"column":80},"end":{"line":17,"column":1}}},"4":{"name":"(anonymous_5)","decl":{"start":{"line":19,"column":26},"end":{"line":19,"column":31}},"loc":{"start":{"line":19,"column":73},"end":{"line":22,"column":1}}},"5":{"name":"(anonymous_6)","decl":{"start":{"line":24,"column":26},"end":{"line":24,"column":31}},"loc":{"start":{"line":24,"column":95},"end":{"line":26,"column":1}}},"6":{"name":"(anonymous_7)","decl":{"start":{"line":28,"column":30},"end":{"line":28,"column":35}},"loc":{"start":{"line":28,"column":74},"end":{"line":34,"column":1}}}},"branchMap":{},"s":{"0":1,"1":1,"2":1,"3":1,"4":1,"5":2,"6":1,"7":1,"8":0,"9":1,"10":1,"11":0,"12":1,"13":1,"14":1,"15":1,"16":1,"17":1,"18":1,"19":1,"20":1,"21":1,"22":1},"f":{"0":1,"1":2,"2":0,"3":0,"4":1,"5":1,"6":1},"b":{}}
,"C:\\Users\\recko\\Desktop\\office task manager app\\backend\\src\\mappers\\user.mapper.ts": {"path":"C:\\Users\\recko\\Desktop\\office task manager app\\backend\\src\\mappers\\user.mapper.ts","statementMap":{"0":{"start":{"line":3,"column":0},"end":{"line":3,"column":16}},"1":{"start":{"line":4,"column":4},"end":{"line":21,"column":6}}},"fnMap":{"0":{"name":"mapUserToResponse","decl":{"start":{"line":3,"column":16},"end":{"line":3,"column":33}},"loc":{"start":{"line":3,"column":43},"end":{"line":22,"column":1}}}},"branchMap":{},"s":{"0":1,"1":6},"f":{"0":6},"b":{}}
,"C:\\Users\\recko\\Desktop\\office task manager app\\backend\\src\\middlewares\\auth.middleware.ts": {"path":"C:\\Users\\recko\\Desktop\\office task manager app\\backend\\src\\middlewares\\auth.middleware.ts","statementMap":{"0":{"start":{"line":2,"column":0},"end":{"line":2,"column":31}},"1":{"start":{"line":3,"column":0},"end":{"line":3,"column":28}},"2":{"start":{"line":5,"column":0},"end":{"line":5,"column":16}},"3":{"start":{"line":15,"column":19},"end":{"line":15,"column":55}},"4":{"start":{"line":17,"column":28},"end":{"line":37,"column":1}},"5":{"start":{"line":18,"column":19},"end":{"line":18,"column":44}},"6":{"start":{"line":20,"column":4},"end":{"line":22,"column":5}},"7":{"start":{"line":21,"column":8},"end":{"line":21,"column":92}},"8":{"start":{"line":24,"column":18},"end":{"line":24,"column":38}},"9":{"start":{"line":26,"column":4},"end":{"line":28,"column":5}},"10":{"start":{"line":27,"column":8},"end":{"line":27,"column":81}},"11":{"start":{"line":30,"column":4},"end":{"line":36,"column":5}},"12":{"start":{"line":31,"column":24},"end":{"line":31,"column":53}},"13":{"start":{"line":32,"column":8},"end":{"line":32,"column":27}},"14":{"start":{"line":33,"column":8},"end":{"line":33,"column":15}},"15":{"start":{"line":35,"column":8},"end":{"line":35,"column":77}},"16":{"start":{"line":17,"column":13},"end":{"line":17,"column":28}}},"fnMap":{"0":{"name":"(anonymous_1)","decl":{"start":{"line":17,"column":28},"end":{"line":17,"column":29}},"loc":{"start":{"line":17,"column":80},"end":{"line":37,"column":1}}}},"branchMap":{"0":{"loc":{"start":{"line":15,"column":19},"end":{"line":15,"column":55}},"type":"binary-expr","locations":[{"start":{"line":15,"column":19},"end":{"line":15,"column":41}},{"start":{"line":15,"column":45},"end":{"line":15,"column":55}}]},"1":{"loc":{"start":{"line":20,"column":4},"end":{"line":22,"column":5}},"type":"if","locations":[{"start":{"line":20,"column":4},"end":{"line":22,"column":5}},{"start":{},"end":{}}]},"2":{"loc":{"start":{"line":20,"column":8},"end":{"line":20,"column":48}},"type":"binary-expr","locations":[{"start":{"line":20,"column":8},"end":{"line":20,"column":15}},{"start":{"line":20,"column":19},"end":{"line":20,"column":48}}]},"3":{"loc":{"start":{"line":26,"column":4},"end":{"line":28,"column":5}},"type":"if","locations":[{"start":{"line":26,"column":4},"end":{"line":28,"column":5}},{"start":{},"end":{}}]}},"s":{"0":1,"1":1,"2":1,"3":1,"4":1,"5":9,"6":9,"7":1,"8":8,"9":8,"10":0,"11":8,"12":8,"13":8,"14":8,"15":0,"16":1},"f":{"0":9},"b":{"0":[1,0],"1":[1,8],"2":[9,8],"3":[0,8]}}
,"C:\\Users\\recko\\Desktop\\office task manager app\\backend\\src\\middlewares\\role.middleware.ts": {"path":"C:\\Users\\recko\\Desktop\\office task manager app\\backend\\src\\middlewares\\role.middleware.ts","statementMap":{"0":{"start":{"line":3,"column":28},"end":{"line":13,"column":1}},"1":{"start":{"line":4,"column":4},"end":{"line":12,"column":5}},"2":{"start":{"line":5,"column":8},"end":{"line":7,"column":9}},"3":{"start":{"line":6,"column":16},"end":{"line":6,"column":96}},"4":{"start":{"line":9,"column":8},"end":{"line":9,"column":15}},"5":{"start":{"line":11,"column":8},"end":{"line":11,"column":77}},"6":{"start":{"line":3,"column":13},"end":{"line":3,"column":28}},"7":{"start":{"line":15,"column":30},"end":{"line":25,"column":1}},"8":{"start":{"line":16,"column":4},"end":{"line":24,"column":5}},"9":{"start":{"line":17,"column":8},"end":{"line":19,"column":9}},"10":{"start":{"line":18,"column":12},"end":{"line":18,"column":94}},"11":{"start":{"line":20,"column":8},"end":{"line":20,"column":15}},"12":{"start":{"line":23,"column":8},"end":{"line":23,"column":77}},"13":{"start":{"line":15,"column":13},"end":{"line":15,"column":30}},"14":{"start":{"line":27,"column":31},"end":{"line":37,"column":1}},"15":{"start":{"line":28,"column":4},"end":{"line":35,"column":5}},"16":{"start":{"line":29,"column":8},"end":{"line":31,"column":9}},"17":{"start":{"line":30,"column":12},"end":{"line":30,"column":95}},"18":{"start":{"line":32,"column":8},"end":{"line":32,"column":15}},"19":{"start":{"line":34,"column":8},"end":{"line":34,"column":77}},"20":{"start":{"line":27,"column":13},"end":{"line":27,"column":31}},"21":{"start":{"line":39,"column":37},"end":{"line":48,"column":1}},"22":{"start":{"line":40,"column":4},"end":{"line":47,"column":5}},"23":{"start":{"line":41,"column":8},"end":{"line":43,"column":9}},"24":{"start":{"line":42,"column":12},"end":{"line":42,"column":103}},"25":{"start":{"line":44,"column":8},"end":{"line":44,"column":15}},"26":{"start":{"line":46,"column":8},"end":{"line":46,"column":77}},"27":{"start":{"line":39,"column":13},"end":{"line":39,"column":37}}},"fnMap":{"0":{"name":"(anonymous_0)","decl":{"start":{"line":3,"column":28},"end":{"line":3,"column":29}},"loc":{"start":{"line":3,"column":80},"end":{"line":13,"column":1}}},"1":{"name":"(anonymous_1)","decl":{"start":{"line":15,"column":30},"end":{"line":15,"column":31}},"loc":{"start":{"line":15,"column":82},"end":{"line":25,"column":1}}},"2":{"name":"(anonymous_2)","decl":{"start":{"line":27,"column":31},"end":{"line":27,"column":32}},"loc":{"start":{"line":27,"column":83},"end":{"line":37,"column":1}}},"3":{"name":"(anonymous_3)","decl":{"start":{"line":39,"column":37},"end":{"line":39,"column":38}},"loc":{"start":{"line":39,"column":89},"end":{"line":48,"column":1}}}},"branchMap":{"0":{"loc":{"start":{"line":5,"column":8},"end":{"line":7,"column":9}},"type":"if","locations":[{"start":{"line":5,"column":8},"end":{"line":7,"column":9}},{"start":{},"end":{}}]},"1":{"loc":{"start":{"line":17,"column":8},"end":{"line":19,"column":9}},"type":"if","locations":[{"start":{"line":17,"column":8},"end":{"line":19,"column":9}},{"start":{},"end":{}}]},"2":{"loc":{"start":{"line":29,"column":8},"end":{"line":31,"column":9}},"type":"if","locations":[{"start":{"line":29,"column":8},"end":{"line":31,"column":9}},{"start":{},"end":{}}]},"3":{"loc":{"start":{"line":41,"column":8},"end":{"line":43,"column":9}},"type":"if","locations":[{"start":{"line":41,"column":8},"end":{"line":43,"column":9}},{"start":{},"end":{}}]},"4":{"loc":{"start":{"line":41,"column":12},"end":{"line":41,"column":68}},"type":"binary-expr","locations":[{"start":{"line":41,"column":12},"end":{"line":41,"column":37}},{"start":{"line":41,"column":41},"end":{"line":41,"column":68}}]}},"s":{"0":1,"1":8,"2":8,"3":1,"4":7,"5":0,"6":1,"7":1,"8":0,"9":0,"10":0,"11":0,"12":0,"13":1,"14":1,"15":0,"16":0,"17":0,"18":0,"19":0,"20":1,"21":1,"22":0,"23":0,"24":0,"25":0,"26":0,"27":1},"f":{"0":8,"1":0,"2":0,"3":0},"b":{"0":[1,7],"1":[0,0],"2":[0,0],"3":[0,0],"4":[0,0]}}
,"C:\\Users\\recko\\Desktop\\office task manager app\\backend\\src\\middlewares\\validate.middleware.ts": {"path":"C:\\Users\\recko\\Desktop\\office task manager app\\backend\\src\\middlewares\\validate.middleware.ts","statementMap":{"0":{"start":{"line":5,"column":24},"end":{"line":16,"column":1}},"1":{"start":{"line":6,"column":4},"end":{"line":15,"column":null}},"2":{"start":{"line":7,"column":8},"end":{"line":14,"column":5}},"3":{"start":{"line":8,"column":12},"end":{"line":8,"column":46}},"4":{"start":{"line":9,"column":16},"end":{"line":9,"column":23}},"5":{"start":{"line":13,"column":16},"end":{"line":13,"column":91}},"6":{"start":{"line":5,"column":13},"end":{"line":5,"column":24}}},"fnMap":{"0":{"name":"(anonymous_0)","decl":{"start":{"line":5,"column":24},"end":{"line":5,"column":25}},"loc":{"start":{"line":5,"column":44},"end":{"line":16,"column":1}}},"1":{"name":"(anonymous_1)","decl":{"start":{"line":6,"column":11},"end":{"line":6,"column":12}},"loc":{"start":{"line":6,"column":63},"end":{"line":15,"column":5}}}},"branchMap":{"0":{"loc":{"start":{"line":13,"column":54},"end":{"line":13,"column":87}},"type":"binary-expr","locations":[{"start":{"line":13,"column":54},"end":{"line":13,"column":65}},{"start":{"line":13,"column":69},"end":{"line":13,"column":87}}]}},"s":{"0":1,"1":2,"2":3,"3":3,"4":2,"5":1,"6":1},"f":{"0":2,"1":3},"b":{"0":[1,1]}}
,"C:\\Users\\recko\\Desktop\\office task manager app\\backend\\src\\models\\role.model.ts": {"path":"C:\\Users\\recko\\Desktop\\office task manager app\\backend\\src\\models\\role.model.ts","statementMap":{"0":{"start":{"line":1,"column":0},"end":{"line":1,"column":56}},"1":{"start":{"line":9,"column":27},"end":{"line":18,"column":2}},"2":{"start":{"line":20,"column":1},"end":{"line":20,"column":49}}},"fnMap":{},"branchMap":{},"s":{"0":1,"1":1,"2":1},"f":{},"b":{}}
,"C:\\Users\\recko\\Desktop\\office task manager app\\backend\\src\\models\\user.model.ts": {"path":"C:\\Users\\recko\\Desktop\\office task manager app\\backend\\src\\models\\user.model.ts","statementMap":{"0":{"start":{"line":1,"column":0},"end":{"line":1,"column":58}},"1":{"start":{"line":20,"column":27},"end":{"line":31,"column":24}},"2":{"start":{"line":33,"column":0},"end":{"line":33,"column":48}}},"fnMap":{},"branchMap":{},"s":{"0":1,"1":1,"2":1},"f":{},"b":{}}
,"C:\\Users\\recko\\Desktop\\office task manager app\\backend\\src\\routes\\user.routes.ts": {"path":"C:\\Users\\recko\\Desktop\\office task manager app\\backend\\src\\routes\\user.routes.ts","statementMap":{"0":{"start":{"line":1,"column":0},"end":{"line":1,"column":33}},"1":{"start":{"line":2,"column":0},"end":{"line":2,"column":58}},"2":{"start":{"line":3,"column":0},"end":{"line":3,"column":62}},"3":{"start":{"line":4,"column":0},"end":{"line":4,"column":62}},"4":{"start":{"line":5,"column":0},"end":{"line":5,"column":62}},"5":{"start":{"line":6,"column":0},"end":{"line":6,"column":82}},"6":{"start":{"line":8,"column":15},"end":{"line":8,"column":23}},"7":{"start":{"line":24,"column":0},"end":{"line":24,"column":63}},"8":{"start":{"line":46,"column":0},"end":{"line":46,"column":94}},"9":{"start":{"line":68,"column":0},"end":{"line":68,"column":69}},"10":{"start":{"line":96,"column":0},"end":{"line":96,"column":98}},"11":{"start":{"line":118,"column":0},"end":{"line":118,"column":71}},"12":{"start":{"line":120,"column":0},"end":{"line":120,"column":22}}},"fnMap":{},"branchMap":{},"s":{"0":1,"1":1,"2":1,"3":1,"4":1,"5":1,"6":1,"7":1,"8":1,"9":1,"10":1,"11":1,"12":1},"f":{},"b":{}}
,"C:\\Users\\recko\\Desktop\\office task manager app\\backend\\src\\services\\user.service.ts": {"path":"C:\\Users\\recko\\Desktop\\office task manager app\\backend\\src\\services\\user.service.ts","statementMap":{"0":{"start":{"line":1,"column":0},"end":{"line":1,"column":43}},"1":{"start":{"line":3,"column":0},"end":{"line":3,"column":33}},"2":{"start":{"line":4,"column":0},"end":{"line":4,"column":28}},"3":{"start":{"line":7,"column":20},"end":{"line":7,"column":61}},"4":{"start":{"line":9,"column":25},"end":{"line":11,"column":1}},"5":{"start":{"line":10,"column":4},"end":{"line":10,"column":35}},"6":{"start":{"line":9,"column":13},"end":{"line":9,"column":25}},"7":{"start":{"line":13,"column":28},"end":{"line":15,"column":1}},"8":{"start":{"line":14,"column":4},"end":{"line":14,"column":38}},"9":{"start":{"line":13,"column":13},"end":{"line":13,"column":28}},"10":{"start":{"line":17,"column":31},"end":{"line":19,"column":1}},"11":{"start":{"line":18,"column":4},"end":{"line":18,"column":44}},"12":{"start":{"line":17,"column":13},"end":{"line":17,"column":31}},"13":{"start":{"line":21,"column":34},"end":{"line":23,"column":1}},"14":{"start":{"line":22,"column":4},"end":{"line":22,"column":50}},"15":{"start":{"line":21,"column":13},"end":{"line":21,"column":34}},"16":{"start":{"line":25,"column":26},"end":{"line":33,"column":1}},"17":{"start":{"line":26,"column":4},"end":{"line":28,"column":5}},"18":{"start":{"line":27,"column":8},"end":{"line":27,"column":76}},"19":{"start":{"line":30,"column":19},"end":{"line":30,"column":51}},"20":{"start":{"line":32,"column":4},"end":{"line":32,"column":66}},"21":{"start":{"line":25,"column":13},"end":{"line":25,"column":26}},"22":{"start":{"line":35,"column":26},"end":{"line":55,"column":1}},"23":{"start":{"line":36,"column":39},"end":{"line":36,"column":41}},"24":{"start":{"line":38,"column":4},"end":{"line":38,"column":82}},"25":{"start":{"line":38,"column":41},"end":{"line":38,"column":82}},"26":{"start":{"line":39,"column":4},"end":{"line":39,"column":79}},"27":{"start":{"line":39,"column":40},"end":{"line":39,"column":79}},"28":{"start":{"line":40,"column":4},"end":{"line":40,"column":70}},"29":{"start":{"line":40,"column":37},"end":{"line":40,"column":70}},"30":{"start":{"line":41,"column":4},"end":{"line":41,"column":79}},"31":{"start":{"line":41,"column":40},"end":{"line":41,"column":79}},"32":{"start":{"line":42,"column":4},"end":{"line":42,"column":85}},"33":{"start":{"line":42,"column":42},"end":{"line":42,"column":85}},"34":{"start":{"line":43,"column":4},"end":{"line":43,"column":79}},"35":{"start":{"line":43,"column":40},"end":{"line":43,"column":79}},"36":{"start":{"line":44,"column":4},"end":{"line":44,"column":79}},"37":{"start":{"line":44,"column":40},"end":{"line":44,"column":79}},"38":{"start":{"line":46,"column":4},"end":{"line":48,"column":5}},"39":{"start":{"line":47,"column":8},"end":{"line":47,"column":79}},"40":{"start":{"line":50,"column":4},"end":{"line":52,"column":5}},"41":{"start":{"line":51,"column":8},"end":{"line":51,"column":59}},"42":{"start":{"line":54,"column":4},"end":{"line":54,"column":52}},"43":{"start":{"line":35,"column":13},"end":{"line":35,"column":26}},"44":{"start":{"line":57,"column":30},"end":{"line":59,"column":1}},"45":{"start":{"line":58,"column":4},"end":{"line":58,"column":44}},"46":{"start":{"line":57,"column":13},"end":{"line":57,"column":30}}},"fnMap":{"0":{"name":"(anonymous_10)","decl":{"start":{"line":9,"column":25},"end":{"line":9,"column":30}},"loc":{"start":{"line":9,"column":36},"end":{"line":11,"column":1}}},"1":{"name":"(anonymous_11)","decl":{"start":{"line":13,"column":28},"end":{"line":13,"column":33}},"loc":{"start":{"line":13,"column":49},"end":{"line":15,"column":1}}},"2":{"name":"(anonymous_12)","decl":{"start":{"line":17,"column":31},"end":{"line":17,"column":36}},"loc":{"start":{"line":17,"column":55},"end":{"line":19,"column":1}}},"3":{"name":"(anonymous_13)","decl":{"start":{"line":21,"column":34},"end":{"line":21,"column":39}},"loc":{"start":{"line":21,"column":61},"end":{"line":23,"column":1}}},"4":{"name":"(anonymous_14)","decl":{"start":{"line":25,"column":26},"end":{"line":25,"column":31}},"loc":{"start":{"line":25,"column":59},"end":{"line":33,"column":1}}},"5":{"name":"(anonymous_15)","decl":{"start":{"line":35,"column":26},"end":{"line":35,"column":31}},"loc":{"start":{"line":35,"column":71},"end":{"line":55,"column":1}}},"6":{"name":"(anonymous_16)","decl":{"start":{"line":57,"column":30},"end":{"line":57,"column":35}},"loc":{"start":{"line":57,"column":51},"end":{"line":59,"column":1}}}},"branchMap":{"0":{"loc":{"start":{"line":7,"column":29},"end":{"line":7,"column":60}},"type":"binary-expr","locations":[{"start":{"line":7,"column":29},"end":{"line":7,"column":52}},{"start":{"line":7,"column":56},"end":{"line":7,"column":60}}]},"1":{"loc":{"start":{"line":26,"column":4},"end":{"line":28,"column":5}},"type":"if","locations":[{"start":{"line":26,"column":4},"end":{"line":28,"column":5}},{"start":{},"end":{}}]},"2":{"loc":{"start":{"line":38,"column":4},"end":{"line":38,"column":82}},"type":"if","locations":[{"start":{"line":38,"column":4},"end":{"line":38,"column":82}},{"start":{},"end":{}}]},"3":{"loc":{"start":{"line":39,"column":4},"end":{"line":39,"column":79}},"type":"if","locations":[{"start":{"line":39,"column":4},"end":{"line":39,"column":79}},{"start":{},"end":{}}]},"4":{"loc":{"start":{"line":40,"column":4},"end":{"line":40,"column":70}},"type":"if","locations":[{"start":{"line":40,"column":4},"end":{"line":40,"column":70}},{"start":{},"end":{}}]},"5":{"loc":{"start":{"line":41,"column":4},"end":{"line":41,"column":79}},"type":"if","locations":[{"start":{"line":41,"column":4},"end":{"line":41,"column":79}},{"start":{},"end":{}}]},"6":{"loc":{"start":{"line":42,"column":4},"end":{"line":42,"column":85}},"type":"if","locations":[{"start":{"line":42,"column":4},"end":{"line":42,"column":85}},{"start":{},"end":{}}]},"7":{"loc":{"start":{"line":43,"column":4},"end":{"line":43,"column":79}},"type":"if","locations":[{"start":{"line":43,"column":4},"end":{"line":43,"column":79}},{"start":{},"end":{}}]},"8":{"loc":{"start":{"line":44,"column":4},"end":{"line":44,"column":79}},"type":"if","locations":[{"start":{"line":44,"column":4},"end":{"line":44,"column":79}},{"start":{},"end":{}}]},"9":{"loc":{"start":{"line":46,"column":4},"end":{"line":48,"column":5}},"type":"if","locations":[{"start":{"line":46,"column":4},"end":{"line":48,"column":5}},{"start":{},"end":{}}]},"10":{"loc":{"start":{"line":50,"column":4},"end":{"line":52,"column":5}},"type":"if","locations":[{"start":{"line":50,"column":4},"end":{"line":52,"column":5}},{"start":{},"end":{}}]}},"s":{"0":1,"1":1,"2":1,"3":1,"4":1,"5":1,"6":1,"7":1,"8":2,"9":1,"10":1,"11":0,"12":1,"13":1,"14":0,"15":1,"16":1,"17":1,"18":1,"19":1,"20":1,"21":1,"22":1,"23":1,"24":1,"25":1,"26":1,"27":0,"28":1,"29":0,"30":1,"31":0,"32":1,"33":0,"34":1,"35":0,"36":1,"37":0,"38":1,"39":0,"40":1,"41":0,"42":1,"43":1,"44":1,"45":1,"46":1},"f":{"0":1,"1":2,"2":0,"3":0,"4":1,"5":1,"6":1},"b":{"0":[1,1],"1":[1,0],"2":[1,0],"3":[0,1],"4":[0,1],"5":[0,1],"6":[0,1],"7":[0,1],"8":[0,1],"9":[0,1],"10":[0,1]}}
,"C:\\Users\\recko\\Desktop\\office task manager app\\backend\\src\\validators\\user.validator.ts": {"path":"C:\\Users\\recko\\Desktop\\office task manager app\\backend\\src\\validators\\user.validator.ts","statementMap":{"0":{"start":{"line":1,"column":0},"end":{"line":1,"column":24}},"1":{"start":{"line":3,"column":13},"end":{"line":3,"column":100}},"2":{"start":{"line":5,"column":13},"end":{"line":15,"column":15}},"3":{"start":{"line":17,"column":13},"end":{"line":28,"column":null}},"4":{"start":{"line":30,"column":13},"end":{"line":30,"column":59}}},"fnMap":{},"branchMap":{},"s":{"0":1,"1":1,"2":1,"3":1,"4":1},"f":{},"b":{}}
}
