{"C:\\Users\\recko\\Desktop\\office task manager app\\backend\\src\\controller\\board.controller.ts": {"path":"C:\\Users\\recko\\Desktop\\office task manager app\\backend\\src\\controller\\board.controller.ts","statementMap":{"0":{"start":{"line":2,"column":0},"end":{"line":2,"column":58}},"1":{"start":{"line":4,"column":0},"end":{"line":4,"column":61}},"2":{"start":{"line":6,"column":25},"end":{"line":14,"column":1}},"3":{"start":{"line":7,"column":4},"end":{"line":13,"column":5}},"4":{"start":{"line":8,"column":33},"end":{"line":8,"column":41}},"5":{"start":{"line":9,"column":23},"end":{"line":9,"column":63}},"6":{"start":{"line":10,"column":8},"end":{"line":10,"column":61}},"7":{"start":{"line":12,"column":8},"end":{"line":12,"column":20}},"8":{"start":{"line":6,"column":13},"end":{"line":6,"column":25}},"9":{"start":{"line":16,"column":28},"end":{"line":29,"column":1}},"10":{"start":{"line":17,"column":4},"end":{"line":28,"column":5}},"11":{"start":{"line":18,"column":19},"end":{"line":18,"column":32}},"12":{"start":{"line":19,"column":33},"end":{"line":19,"column":41}},"13":{"start":{"line":20,"column":8},"end":{"line":20,"column":97}},"14":{"start":{"line":20,"column":36},"end":{"line":20,"column":97}},"15":{"start":{"line":21,"column":22},"end":{"line":21,"column":67}},"16":{"start":{"line":22,"column":8},"end":{"line":24,"column":9}},"17":{"start":{"line":23,"column":12},"end":{"line":23,"column":72}},"18":{"start":{"line":25,"column":8},"end":{"line":25,"column":56}},"19":{"start":{"line":27,"column":8},"end":{"line":27,"column":20}},"20":{"start":{"line":16,"column":13},"end":{"line":16,"column":28}},"21":{"start":{"line":31,"column":42},"end":{"line":38,"column":1}},"22":{"start":{"line":32,"column":4},"end":{"line":37,"column":5}},"23":{"start":{"line":33,"column":23},"end":{"line":33,"column":68}},"24":{"start":{"line":34,"column":8},"end":{"line":34,"column":61}},"25":{"start":{"line":36,"column":8},"end":{"line":36,"column":20}},"26":{"start":{"line":31,"column":13},"end":{"line":31,"column":42}},"27":{"start":{"line":40,"column":27},"end":{"line":48,"column":1}},"28":{"start":{"line":41,"column":4},"end":{"line":47,"column":5}},"29":{"start":{"line":42,"column":40},"end":{"line":42,"column":48}},"30":{"start":{"line":43,"column":22},"end":{"line":43,"column":78}},"31":{"start":{"line":44,"column":8},"end":{"line":44,"column":56}},"32":{"start":{"line":46,"column":8},"end":{"line":46,"column":20}},"33":{"start":{"line":40,"column":13},"end":{"line":40,"column":27}},"34":{"start":{"line":50,"column":27},"end":{"line":60,"column":1}},"35":{"start":{"line":51,"column":4},"end":{"line":59,"column":5}},"36":{"start":{"line":52,"column":19},"end":{"line":52,"column":32}},"37":{"start":{"line":53,"column":8},"end":{"line":53,"column":97}},"38":{"start":{"line":53,"column":36},"end":{"line":53,"column":97}},"39":{"start":{"line":54,"column":40},"end":{"line":54,"column":48}},"40":{"start":{"line":55,"column":29},"end":{"line":55,"column":72}},"41":{"start":{"line":56,"column":8},"end":{"line":56,"column":63}},"42":{"start":{"line":58,"column":8},"end":{"line":58,"column":20}},"43":{"start":{"line":50,"column":13},"end":{"line":50,"column":27}},"44":{"start":{"line":62,"column":27},"end":{"line":71,"column":1}},"45":{"start":{"line":63,"column":4},"end":{"line":70,"column":5}},"46":{"start":{"line":64,"column":19},"end":{"line":64,"column":32}},"47":{"start":{"line":65,"column":8},"end":{"line":65,"column":97}},"48":{"start":{"line":65,"column":36},"end":{"line":65,"column":97}},"49":{"start":{"line":66,"column":8},"end":{"line":66,"column":47}},"50":{"start":{"line":67,"column":8},"end":{"line":67,"column":77}},"51":{"start":{"line":69,"column":8},"end":{"line":69,"column":20}},"52":{"start":{"line":62,"column":13},"end":{"line":62,"column":27}},"53":{"start":{"line":74,"column":28},"end":{"line":83,"column":1}},"54":{"start":{"line":75,"column":4},"end":{"line":82,"column":5}},"55":{"start":{"line":76,"column":19},"end":{"line":76,"column":32}},"56":{"start":{"line":77,"column":8},"end":{"line":77,"column":97}},"57":{"start":{"line":77,"column":36},"end":{"line":77,"column":97}},"58":{"start":{"line":78,"column":30},"end":{"line":78,"column":65}},"59":{"start":{"line":79,"column":8},"end":{"line":79,"column":64}},"60":{"start":{"line":81,"column":8},"end":{"line":81,"column":20}},"61":{"start":{"line":74,"column":13},"end":{"line":74,"column":28}},"62":{"start":{"line":85,"column":32},"end":{"line":97,"column":1}},"63":{"start":{"line":86,"column":4},"end":{"line":96,"column":5}},"64":{"start":{"line":87,"column":24},"end":{"line":87,"column":42}},"65":{"start":{"line":88,"column":25},"end":{"line":88,"column":44}},"66":{"start":{"line":89,"column":8},"end":{"line":91,"column":9}},"67":{"start":{"line":90,"column":12},"end":{"line":90,"column":86}},"68":{"start":{"line":92,"column":29},"end":{"line":92,"column":83}},"69":{"start":{"line":93,"column":8},"end":{"line":93,"column":63}},"70":{"start":{"line":95,"column":8},"end":{"line":95,"column":20}},"71":{"start":{"line":85,"column":13},"end":{"line":85,"column":32}},"72":{"start":{"line":99,"column":37},"end":{"line":111,"column":1}},"73":{"start":{"line":100,"column":4},"end":{"line":110,"column":5}},"74":{"start":{"line":101,"column":24},"end":{"line":101,"column":42}},"75":{"start":{"line":102,"column":25},"end":{"line":102,"column":44}},"76":{"start":{"line":103,"column":8},"end":{"line":105,"column":9}},"77":{"start":{"line":104,"column":12},"end":{"line":104,"column":86}},"78":{"start":{"line":106,"column":29},"end":{"line":106,"column":88}},"79":{"start":{"line":107,"column":8},"end":{"line":107,"column":63}},"80":{"start":{"line":109,"column":8},"end":{"line":109,"column":20}},"81":{"start":{"line":99,"column":13},"end":{"line":99,"column":37}}},"fnMap":{"0":{"name":"(anonymous_9)","decl":{"start":{"line":6,"column":25},"end":{"line":6,"column":30}},"loc":{"start":{"line":6,"column":83},"end":{"line":14,"column":1}}},"1":{"name":"(anonymous_10)","decl":{"start":{"line":16,"column":28},"end":{"line":16,"column":33}},"loc":{"start":{"line":16,"column":86},"end":{"line":29,"column":1}}},"2":{"name":"(anonymous_11)","decl":{"start":{"line":31,"column":42},"end":{"line":31,"column":47}},"loc":{"start":{"line":31,"column":101},"end":{"line":38,"column":1}}},"3":{"name":"(anonymous_12)","decl":{"start":{"line":40,"column":27},"end":{"line":40,"column":32}},"loc":{"start":{"line":40,"column":85},"end":{"line":48,"column":1}}},"4":{"name":"(anonymous_13)","decl":{"start":{"line":50,"column":27},"end":{"line":50,"column":32}},"loc":{"start":{"line":50,"column":85},"end":{"line":60,"column":1}}},"5":{"name":"(anonymous_14)","decl":{"start":{"line":62,"column":27},"end":{"line":62,"column":32}},"loc":{"start":{"line":62,"column":85},"end":{"line":71,"column":1}}},"6":{"name":"(anonymous_15)","decl":{"start":{"line":74,"column":28},"end":{"line":74,"column":33}},"loc":{"start":{"line":74,"column":86},"end":{"line":83,"column":1}}},"7":{"name":"(anonymous_16)","decl":{"start":{"line":85,"column":32},"end":{"line":85,"column":37}},"loc":{"start":{"line":85,"column":90},"end":{"line":97,"column":1}}},"8":{"name":"(anonymous_17)","decl":{"start":{"line":99,"column":37},"end":{"line":99,"column":42}},"loc":{"start":{"line":99,"column":95},"end":{"line":111,"column":1}}}},"branchMap":{"0":{"loc":{"start":{"line":20,"column":8},"end":{"line":20,"column":97}},"type":"if","locations":[{"start":{"line":20,"column":8},"end":{"line":20,"column":97}},{"start":{},"end":{}}]},"1":{"loc":{"start":{"line":22,"column":8},"end":{"line":24,"column":9}},"type":"if","locations":[{"start":{"line":22,"column":8},"end":{"line":24,"column":9}},{"start":{},"end":{}}]},"2":{"loc":{"start":{"line":53,"column":8},"end":{"line":53,"column":97}},"type":"if","locations":[{"start":{"line":53,"column":8},"end":{"line":53,"column":97}},{"start":{},"end":{}}]},"3":{"loc":{"start":{"line":65,"column":8},"end":{"line":65,"column":97}},"type":"if","locations":[{"start":{"line":65,"column":8},"end":{"line":65,"column":97}},{"start":{},"end":{}}]},"4":{"loc":{"start":{"line":77,"column":8},"end":{"line":77,"column":97}},"type":"if","locations":[{"start":{"line":77,"column":8},"end":{"line":77,"column":97}},{"start":{},"end":{}}]},"5":{"loc":{"start":{"line":89,"column":8},"end":{"line":91,"column":9}},"type":"if","locations":[{"start":{"line":89,"column":8},"end":{"line":91,"column":9}},{"start":{},"end":{}}]},"6":{"loc":{"start":{"line":89,"column":12},"end":{"line":89,"column":71}},"type":"binary-expr","locations":[{"start":{"line":89,"column":12},"end":{"line":89,"column":39}},{"start":{"line":89,"column":43},"end":{"line":89,"column":71}}]},"7":{"loc":{"start":{"line":103,"column":8},"end":{"line":105,"column":9}},"type":"if","locations":[{"start":{"line":103,"column":8},"end":{"line":105,"column":9}},{"start":{},"end":{}}]},"8":{"loc":{"start":{"line":103,"column":12},"end":{"line":103,"column":71}},"type":"binary-expr","locations":[{"start":{"line":103,"column":12},"end":{"line":103,"column":39}},{"start":{"line":103,"column":43},"end":{"line":103,"column":71}}]}},"s":{"0":1,"1":1,"2":1,"3":1,"4":1,"5":1,"6":1,"7":0,"8":1,"9":1,"10":1,"11":1,"12":1,"13":1,"14":0,"15":1,"16":1,"17":0,"18":1,"19":0,"20":1,"21":1,"22":0,"23":0,"24":0,"25":0,"26":1,"27":1,"28":1,"29":1,"30":1,"31":1,"32":0,"33":1,"34":1,"35":1,"36":1,"37":1,"38":0,"39":1,"40":1,"41":1,"42":0,"43":1,"44":1,"45":1,"46":1,"47":1,"48":0,"49":1,"50":1,"51":0,"52":1,"53":1,"54":0,"55":0,"56":0,"57":0,"58":0,"59":0,"60":0,"61":1,"62":1,"63":0,"64":0,"65":0,"66":0,"67":0,"68":0,"69":0,"70":0,"71":1,"72":1,"73":0,"74":0,"75":0,"76":0,"77":0,"78":0,"79":0,"80":0,"81":1},"f":{"0":1,"1":1,"2":0,"3":1,"4":1,"5":1,"6":0,"7":0,"8":0},"b":{"0":[0,1],"1":[0,1],"2":[0,1],"3":[0,1],"4":[0,0],"5":[0,0],"6":[0,0],"7":[0,0],"8":[0,0]}}
,"C:\\Users\\recko\\Desktop\\office task manager app\\backend\\src\\controller\\task.controller.ts": {"path":"C:\\Users\\recko\\Desktop\\office task manager app\\backend\\src\\controller\\task.controller.ts","statementMap":{"0":{"start":{"line":2,"column":0},"end":{"line":2,"column":56}},"1":{"start":{"line":4,"column":0},"end":{"line":4,"column":59}},"2":{"start":{"line":6,"column":24},"end":{"line":14,"column":1}},"3":{"start":{"line":7,"column":4},"end":{"line":13,"column":5}},"4":{"start":{"line":8,"column":33},"end":{"line":8,"column":41}},"5":{"start":{"line":9,"column":22},"end":{"line":9,"column":61}},"6":{"start":{"line":10,"column":8},"end":{"line":10,"column":59}},"7":{"start":{"line":12,"column":8},"end":{"line":12,"column":20}},"8":{"start":{"line":6,"column":13},"end":{"line":6,"column":24}},"9":{"start":{"line":16,"column":41},"end":{"line":23,"column":1}},"10":{"start":{"line":17,"column":4},"end":{"line":22,"column":5}},"11":{"start":{"line":18,"column":22},"end":{"line":18,"column":66}},"12":{"start":{"line":19,"column":8},"end":{"line":19,"column":59}},"13":{"start":{"line":21,"column":8},"end":{"line":21,"column":20}},"14":{"start":{"line":16,"column":13},"end":{"line":16,"column":41}},"15":{"start":{"line":25,"column":27},"end":{"line":38,"column":1}},"16":{"start":{"line":26,"column":4},"end":{"line":37,"column":5}},"17":{"start":{"line":27,"column":19},"end":{"line":27,"column":32}},"18":{"start":{"line":28,"column":33},"end":{"line":28,"column":41}},"19":{"start":{"line":29,"column":8},"end":{"line":29,"column":96}},"20":{"start":{"line":29,"column":36},"end":{"line":29,"column":96}},"21":{"start":{"line":30,"column":21},"end":{"line":30,"column":65}},"22":{"start":{"line":31,"column":8},"end":{"line":33,"column":9}},"23":{"start":{"line":32,"column":12},"end":{"line":32,"column":71}},"24":{"start":{"line":34,"column":8},"end":{"line":34,"column":54}},"25":{"start":{"line":36,"column":8},"end":{"line":36,"column":20}},"26":{"start":{"line":25,"column":13},"end":{"line":25,"column":27}},"27":{"start":{"line":40,"column":26},"end":{"line":48,"column":1}},"28":{"start":{"line":41,"column":4},"end":{"line":47,"column":5}},"29":{"start":{"line":42,"column":39},"end":{"line":42,"column":47}},"30":{"start":{"line":43,"column":21},"end":{"line":43,"column":58}},"31":{"start":{"line":44,"column":8},"end":{"line":44,"column":54}},"32":{"start":{"line":46,"column":8},"end":{"line":46,"column":20}},"33":{"start":{"line":40,"column":13},"end":{"line":40,"column":26}},"34":{"start":{"line":50,"column":26},"end":{"line":60,"column":1}},"35":{"start":{"line":51,"column":4},"end":{"line":59,"column":5}},"36":{"start":{"line":52,"column":19},"end":{"line":52,"column":32}},"37":{"start":{"line":53,"column":8},"end":{"line":53,"column":96}},"38":{"start":{"line":53,"column":36},"end":{"line":53,"column":96}},"39":{"start":{"line":54,"column":39},"end":{"line":54,"column":47}},"40":{"start":{"line":55,"column":28},"end":{"line":55,"column":69}},"41":{"start":{"line":56,"column":8},"end":{"line":56,"column":61}},"42":{"start":{"line":58,"column":8},"end":{"line":58,"column":20}},"43":{"start":{"line":50,"column":13},"end":{"line":50,"column":26}},"44":{"start":{"line":62,"column":26},"end":{"line":71,"column":1}},"45":{"start":{"line":63,"column":4},"end":{"line":70,"column":5}},"46":{"start":{"line":64,"column":19},"end":{"line":64,"column":32}},"47":{"start":{"line":65,"column":8},"end":{"line":65,"column":96}},"48":{"start":{"line":65,"column":36},"end":{"line":65,"column":96}},"49":{"start":{"line":66,"column":8},"end":{"line":66,"column":45}},"50":{"start":{"line":67,"column":8},"end":{"line":67,"column":71}},"51":{"start":{"line":69,"column":8},"end":{"line":69,"column":20}},"52":{"start":{"line":62,"column":13},"end":{"line":62,"column":26}},"53":{"start":{"line":73,"column":27},"end":{"line":82,"column":1}},"54":{"start":{"line":74,"column":4},"end":{"line":81,"column":5}},"55":{"start":{"line":75,"column":19},"end":{"line":75,"column":32}},"56":{"start":{"line":76,"column":8},"end":{"line":76,"column":96}},"57":{"start":{"line":76,"column":36},"end":{"line":76,"column":96}},"58":{"start":{"line":77,"column":29},"end":{"line":77,"column":62}},"59":{"start":{"line":78,"column":8},"end":{"line":78,"column":62}},"60":{"start":{"line":80,"column":8},"end":{"line":80,"column":20}},"61":{"start":{"line":73,"column":13},"end":{"line":73,"column":27}},"62":{"start":{"line":84,"column":31},"end":{"line":95,"column":1}},"63":{"start":{"line":85,"column":4},"end":{"line":94,"column":5}},"64":{"start":{"line":86,"column":24},"end":{"line":86,"column":42}},"65":{"start":{"line":87,"column":33},"end":{"line":87,"column":41}},"66":{"start":{"line":88,"column":8},"end":{"line":88,"column":102}},"67":{"start":{"line":88,"column":41},"end":{"line":88,"column":102}},"68":{"start":{"line":89,"column":22},"end":{"line":89,"column":74}},"69":{"start":{"line":90,"column":8},"end":{"line":90,"column":86}},"70":{"start":{"line":90,"column":28},"end":{"line":90,"column":86}},"71":{"start":{"line":91,"column":8},"end":{"line":91,"column":59}},"72":{"start":{"line":93,"column":8},"end":{"line":93,"column":20}},"73":{"start":{"line":84,"column":13},"end":{"line":84,"column":31}},"74":{"start":{"line":98,"column":34},"end":{"line":111,"column":1}},"75":{"start":{"line":99,"column":4},"end":{"line":110,"column":5}},"76":{"start":{"line":100,"column":51},"end":{"line":100,"column":59}},"77":{"start":{"line":101,"column":32},"end":{"line":101,"column":49}},"78":{"start":{"line":102,"column":8},"end":{"line":102,"column":109}},"79":{"start":{"line":102,"column":49},"end":{"line":102,"column":109}},"80":{"start":{"line":103,"column":8},"end":{"line":105,"column":9}},"81":{"start":{"line":104,"column":12},"end":{"line":104,"column":70}},"82":{"start":{"line":106,"column":22},"end":{"line":106,"column":71}},"83":{"start":{"line":107,"column":8},"end":{"line":107,"column":59}},"84":{"start":{"line":109,"column":8},"end":{"line":109,"column":20}},"85":{"start":{"line":98,"column":13},"end":{"line":98,"column":34}},"86":{"start":{"line":113,"column":32},"end":{"line":128,"column":1}},"87":{"start":{"line":114,"column":4},"end":{"line":127,"column":5}},"88":{"start":{"line":115,"column":19},"end":{"line":115,"column":32}},"89":{"start":{"line":116,"column":33},"end":{"line":116,"column":41}},"90":{"start":{"line":117,"column":8},"end":{"line":117,"column":96}},"91":{"start":{"line":117,"column":36},"end":{"line":117,"column":96}},"92":{"start":{"line":118,"column":8},"end":{"line":121,"column":9}},"93":{"start":{"line":119,"column":25},"end":{"line":119,"column":69}},"94":{"start":{"line":120,"column":12},"end":{"line":120,"column":82}},"95":{"start":{"line":120,"column":23},"end":{"line":120,"column":82}},"96":{"start":{"line":122,"column":23},"end":{"line":122,"column":38}},"97":{"start":{"line":123,"column":28},"end":{"line":123,"column":74}},"98":{"start":{"line":124,"column":8},"end":{"line":124,"column":61}},"99":{"start":{"line":126,"column":8},"end":{"line":126,"column":20}},"100":{"start":{"line":113,"column":13},"end":{"line":113,"column":32}}},"fnMap":{"0":{"name":"(anonymous_9)","decl":{"start":{"line":6,"column":24},"end":{"line":6,"column":29}},"loc":{"start":{"line":6,"column":82},"end":{"line":14,"column":1}}},"1":{"name":"(anonymous_10)","decl":{"start":{"line":16,"column":41},"end":{"line":16,"column":46}},"loc":{"start":{"line":16,"column":100},"end":{"line":23,"column":1}}},"2":{"name":"(anonymous_11)","decl":{"start":{"line":25,"column":27},"end":{"line":25,"column":32}},"loc":{"start":{"line":25,"column":85},"end":{"line":38,"column":1}}},"3":{"name":"(anonymous_12)","decl":{"start":{"line":40,"column":26},"end":{"line":40,"column":31}},"loc":{"start":{"line":40,"column":84},"end":{"line":48,"column":1}}},"4":{"name":"(anonymous_13)","decl":{"start":{"line":50,"column":26},"end":{"line":50,"column":31}},"loc":{"start":{"line":50,"column":84},"end":{"line":60,"column":1}}},"5":{"name":"(anonymous_14)","decl":{"start":{"line":62,"column":26},"end":{"line":62,"column":31}},"loc":{"start":{"line":62,"column":84},"end":{"line":71,"column":1}}},"6":{"name":"(anonymous_15)","decl":{"start":{"line":73,"column":27},"end":{"line":73,"column":32}},"loc":{"start":{"line":73,"column":85},"end":{"line":82,"column":1}}},"7":{"name":"(anonymous_16)","decl":{"start":{"line":84,"column":31},"end":{"line":84,"column":36}},"loc":{"start":{"line":84,"column":89},"end":{"line":95,"column":1}}},"8":{"name":"(anonymous_17)","decl":{"start":{"line":98,"column":34},"end":{"line":98,"column":39}},"loc":{"start":{"line":98,"column":92},"end":{"line":111,"column":1}}},"9":{"name":"(anonymous_18)","decl":{"start":{"line":113,"column":32},"end":{"line":113,"column":37}},"loc":{"start":{"line":113,"column":90},"end":{"line":128,"column":1}}}},"branchMap":{"0":{"loc":{"start":{"line":29,"column":8},"end":{"line":29,"column":96}},"type":"if","locations":[{"start":{"line":29,"column":8},"end":{"line":29,"column":96}},{"start":{},"end":{}}]},"1":{"loc":{"start":{"line":31,"column":8},"end":{"line":33,"column":9}},"type":"if","locations":[{"start":{"line":31,"column":8},"end":{"line":33,"column":9}},{"start":{},"end":{}}]},"2":{"loc":{"start":{"line":53,"column":8},"end":{"line":53,"column":96}},"type":"if","locations":[{"start":{"line":53,"column":8},"end":{"line":53,"column":96}},{"start":{},"end":{}}]},"3":{"loc":{"start":{"line":65,"column":8},"end":{"line":65,"column":96}},"type":"if","locations":[{"start":{"line":65,"column":8},"end":{"line":65,"column":96}},{"start":{},"end":{}}]},"4":{"loc":{"start":{"line":76,"column":8},"end":{"line":76,"column":96}},"type":"if","locations":[{"start":{"line":76,"column":8},"end":{"line":76,"column":96}},{"start":{},"end":{}}]},"5":{"loc":{"start":{"line":88,"column":8},"end":{"line":88,"column":102}},"type":"if","locations":[{"start":{"line":88,"column":8},"end":{"line":88,"column":102}},{"start":{},"end":{}}]},"6":{"loc":{"start":{"line":90,"column":8},"end":{"line":90,"column":86}},"type":"if","locations":[{"start":{"line":90,"column":8},"end":{"line":90,"column":86}},{"start":{},"end":{}}]},"7":{"loc":{"start":{"line":102,"column":8},"end":{"line":102,"column":109}},"type":"if","locations":[{"start":{"line":102,"column":8},"end":{"line":102,"column":109}},{"start":{},"end":{}}]},"8":{"loc":{"start":{"line":103,"column":8},"end":{"line":105,"column":9}},"type":"if","locations":[{"start":{"line":103,"column":8},"end":{"line":105,"column":9}},{"start":{},"end":{}}]},"9":{"loc":{"start":{"line":103,"column":12},"end":{"line":103,"column":71}},"type":"binary-expr","locations":[{"start":{"line":103,"column":12},"end":{"line":103,"column":31}},{"start":{"line":103,"column":35},"end":{"line":103,"column":71}}]},"10":{"loc":{"start":{"line":117,"column":8},"end":{"line":117,"column":96}},"type":"if","locations":[{"start":{"line":117,"column":8},"end":{"line":117,"column":96}},{"start":{},"end":{}}]},"11":{"loc":{"start":{"line":118,"column":8},"end":{"line":121,"column":9}},"type":"if","locations":[{"start":{"line":118,"column":8},"end":{"line":121,"column":9}},{"start":{},"end":{}}]},"12":{"loc":{"start":{"line":120,"column":12},"end":{"line":120,"column":82}},"type":"if","locations":[{"start":{"line":120,"column":12},"end":{"line":120,"column":82}},{"start":{},"end":{}}]}},"s":{"0":1,"1":1,"2":1,"3":1,"4":1,"5":1,"6":1,"7":0,"8":1,"9":1,"10":0,"11":0,"12":0,"13":0,"14":1,"15":1,"16":1,"17":1,"18":1,"19":1,"20":0,"21":1,"22":1,"23":0,"24":1,"25":0,"26":1,"27":1,"28":1,"29":1,"30":1,"31":1,"32":0,"33":1,"34":1,"35":1,"36":1,"37":1,"38":0,"39":1,"40":1,"41":1,"42":0,"43":1,"44":1,"45":1,"46":1,"47":1,"48":0,"49":1,"50":1,"51":0,"52":1,"53":1,"54":0,"55":0,"56":0,"57":0,"58":0,"59":0,"60":0,"61":1,"62":1,"63":0,"64":0,"65":0,"66":0,"67":0,"68":0,"69":0,"70":0,"71":0,"72":0,"73":1,"74":1,"75":0,"76":0,"77":0,"78":0,"79":0,"80":0,"81":0,"82":0,"83":0,"84":0,"85":1,"86":1,"87":0,"88":0,"89":0,"90":0,"91":0,"92":0,"93":0,"94":0,"95":0,"96":0,"97":0,"98":0,"99":0,"100":1},"f":{"0":1,"1":0,"2":1,"3":1,"4":1,"5":1,"6":0,"7":0,"8":0,"9":0},"b":{"0":[0,1],"1":[0,1],"2":[0,1],"3":[0,1],"4":[0,0],"5":[0,0],"6":[0,0],"7":[0,0],"8":[0,0],"9":[0,0],"10":[0,0],"11":[0,0],"12":[0,0]}}
,"C:\\Users\\recko\\Desktop\\office task manager app\\backend\\src\\controller\\user.controller.ts": {"path":"C:\\Users\\recko\\Desktop\\office task manager app\\backend\\src\\controller\\user.controller.ts","statementMap":{"0":{"start":{"line":2,"column":0},"end":{"line":2,"column":56}},"1":{"start":{"line":4,"column":0},"end":{"line":4,"column":77}},"2":{"start":{"line":7,"column":24},"end":{"line":14,"column":1}},"3":{"start":{"line":8,"column":4},"end":{"line":13,"column":5}},"4":{"start":{"line":9,"column":22},"end":{"line":9,"column":51}},"5":{"start":{"line":10,"column":8},"end":{"line":10,"column":59}},"6":{"start":{"line":12,"column":8},"end":{"line":12,"column":18}},"7":{"start":{"line":7,"column":13},"end":{"line":7,"column":24}},"8":{"start":{"line":16,"column":27},"end":{"line":28,"column":1}},"9":{"start":{"line":17,"column":4},"end":{"line":27,"column":5}},"10":{"start":{"line":18,"column":19},"end":{"line":18,"column":32}},"11":{"start":{"line":19,"column":8},"end":{"line":19,"column":91}},"12":{"start":{"line":19,"column":36},"end":{"line":19,"column":91}},"13":{"start":{"line":20,"column":21},"end":{"line":20,"column":55}},"14":{"start":{"line":21,"column":8},"end":{"line":23,"column":9}},"15":{"start":{"line":22,"column":12},"end":{"line":22,"column":71}},"16":{"start":{"line":24,"column":8},"end":{"line":24,"column":54}},"17":{"start":{"line":26,"column":8},"end":{"line":26,"column":18}},"18":{"start":{"line":16,"column":13},"end":{"line":16,"column":27}},"19":{"start":{"line":30,"column":30},"end":{"line":42,"column":1}},"20":{"start":{"line":31,"column":4},"end":{"line":41,"column":5}},"21":{"start":{"line":32,"column":22},"end":{"line":32,"column":38}},"22":{"start":{"line":33,"column":8},"end":{"line":33,"column":97}},"23":{"start":{"line":33,"column":39},"end":{"line":33,"column":97}},"24":{"start":{"line":34,"column":21},"end":{"line":34,"column":61}},"25":{"start":{"line":35,"column":8},"end":{"line":37,"column":9}},"26":{"start":{"line":36,"column":12},"end":{"line":36,"column":71}},"27":{"start":{"line":38,"column":8},"end":{"line":38,"column":54}},"28":{"start":{"line":40,"column":8},"end":{"line":40,"column":18}},"29":{"start":{"line":30,"column":13},"end":{"line":30,"column":30}},"30":{"start":{"line":44,"column":33},"end":{"line":56,"column":1}},"31":{"start":{"line":45,"column":4},"end":{"line":55,"column":5}},"32":{"start":{"line":46,"column":25},"end":{"line":46,"column":44}},"33":{"start":{"line":47,"column":8},"end":{"line":47,"column":103}},"34":{"start":{"line":47,"column":42},"end":{"line":47,"column":103}},"35":{"start":{"line":48,"column":21},"end":{"line":48,"column":67}},"36":{"start":{"line":49,"column":8},"end":{"line":51,"column":9}},"37":{"start":{"line":50,"column":12},"end":{"line":50,"column":71}},"38":{"start":{"line":52,"column":8},"end":{"line":52,"column":54}},"39":{"start":{"line":54,"column":8},"end":{"line":54,"column":18}},"40":{"start":{"line":44,"column":13},"end":{"line":44,"column":33}},"41":{"start":{"line":58,"column":26},"end":{"line":66,"column":1}},"42":{"start":{"line":59,"column":4},"end":{"line":65,"column":5}},"43":{"start":{"line":60,"column":39},"end":{"line":60,"column":47}},"44":{"start":{"line":61,"column":21},"end":{"line":61,"column":58}},"45":{"start":{"line":62,"column":8},"end":{"line":62,"column":54}},"46":{"start":{"line":64,"column":8},"end":{"line":64,"column":18}},"47":{"start":{"line":58,"column":13},"end":{"line":58,"column":26}},"48":{"start":{"line":68,"column":26},"end":{"line":81,"column":1}},"49":{"start":{"line":69,"column":4},"end":{"line":80,"column":5}},"50":{"start":{"line":70,"column":19},"end":{"line":70,"column":32}},"51":{"start":{"line":71,"column":8},"end":{"line":71,"column":91}},"52":{"start":{"line":71,"column":36},"end":{"line":71,"column":91}},"53":{"start":{"line":72,"column":39},"end":{"line":72,"column":47}},"54":{"start":{"line":73,"column":21},"end":{"line":73,"column":62}},"55":{"start":{"line":74,"column":8},"end":{"line":76,"column":9}},"56":{"start":{"line":75,"column":12},"end":{"line":75,"column":71}},"57":{"start":{"line":77,"column":8},"end":{"line":77,"column":54}},"58":{"start":{"line":79,"column":8},"end":{"line":79,"column":18}},"59":{"start":{"line":68,"column":13},"end":{"line":68,"column":26}},"60":{"start":{"line":83,"column":26},"end":{"line":95,"column":1}},"61":{"start":{"line":84,"column":4},"end":{"line":92,"column":5}},"62":{"start":{"line":85,"column":19},"end":{"line":85,"column":32}},"63":{"start":{"line":86,"column":8},"end":{"line":86,"column":91}},"64":{"start":{"line":86,"column":36},"end":{"line":86,"column":91}},"65":{"start":{"line":87,"column":23},"end":{"line":87,"column":59}},"66":{"start":{"line":88,"column":8},"end":{"line":88,"column":80}},"67":{"start":{"line":88,"column":21},"end":{"line":88,"column":80}},"68":{"start":{"line":89,"column":8},"end":{"line":89,"column":56}},"69":{"start":{"line":91,"column":8},"end":{"line":91,"column":18}},"70":{"start":{"line":83,"column":13},"end":{"line":83,"column":26}},"71":{"start":{"line":97,"column":32},"end":{"line":104,"column":1}},"72":{"start":{"line":98,"column":4},"end":{"line":103,"column":5}},"73":{"start":{"line":99,"column":22},"end":{"line":99,"column":51}},"74":{"start":{"line":100,"column":8},"end":{"line":100,"column":58}},"75":{"start":{"line":102,"column":8},"end":{"line":102,"column":18}},"76":{"start":{"line":97,"column":13},"end":{"line":97,"column":32}},"77":{"start":{"line":106,"column":27},"end":{"line":116,"column":1}},"78":{"start":{"line":107,"column":4},"end":{"line":115,"column":5}},"79":{"start":{"line":108,"column":19},"end":{"line":108,"column":32}},"80":{"start":{"line":109,"column":8},"end":{"line":109,"column":91}},"81":{"start":{"line":109,"column":36},"end":{"line":109,"column":91}},"82":{"start":{"line":110,"column":21},"end":{"line":110,"column":54}},"83":{"start":{"line":111,"column":8},"end":{"line":111,"column":78}},"84":{"start":{"line":111,"column":19},"end":{"line":111,"column":78}},"85":{"start":{"line":112,"column":8},"end":{"line":112,"column":54}},"86":{"start":{"line":114,"column":8},"end":{"line":114,"column":18}},"87":{"start":{"line":106,"column":13},"end":{"line":106,"column":27}}},"fnMap":{"0":{"name":"(anonymous_9)","decl":{"start":{"line":7,"column":24},"end":{"line":7,"column":29}},"loc":{"start":{"line":7,"column":82},"end":{"line":14,"column":1}}},"1":{"name":"(anonymous_10)","decl":{"start":{"line":16,"column":27},"end":{"line":16,"column":32}},"loc":{"start":{"line":16,"column":85},"end":{"line":28,"column":1}}},"2":{"name":"(anonymous_11)","decl":{"start":{"line":30,"column":30},"end":{"line":30,"column":35}},"loc":{"start":{"line":30,"column":88},"end":{"line":42,"column":1}}},"3":{"name":"(anonymous_12)","decl":{"start":{"line":44,"column":33},"end":{"line":44,"column":38}},"loc":{"start":{"line":44,"column":91},"end":{"line":56,"column":1}}},"4":{"name":"(anonymous_13)","decl":{"start":{"line":58,"column":26},"end":{"line":58,"column":31}},"loc":{"start":{"line":58,"column":84},"end":{"line":66,"column":1}}},"5":{"name":"(anonymous_14)","decl":{"start":{"line":68,"column":26},"end":{"line":68,"column":31}},"loc":{"start":{"line":68,"column":84},"end":{"line":81,"column":1}}},"6":{"name":"(anonymous_15)","decl":{"start":{"line":83,"column":26},"end":{"line":83,"column":31}},"loc":{"start":{"line":83,"column":84},"end":{"line":95,"column":1}}},"7":{"name":"(anonymous_16)","decl":{"start":{"line":97,"column":32},"end":{"line":97,"column":37}},"loc":{"start":{"line":97,"column":90},"end":{"line":104,"column":1}}},"8":{"name":"(anonymous_17)","decl":{"start":{"line":106,"column":27},"end":{"line":106,"column":32}},"loc":{"start":{"line":106,"column":85},"end":{"line":116,"column":1}}}},"branchMap":{"0":{"loc":{"start":{"line":19,"column":8},"end":{"line":19,"column":91}},"type":"if","locations":[{"start":{"line":19,"column":8},"end":{"line":19,"column":91}},{"start":{},"end":{}}]},"1":{"loc":{"start":{"line":21,"column":8},"end":{"line":23,"column":9}},"type":"if","locations":[{"start":{"line":21,"column":8},"end":{"line":23,"column":9}},{"start":{},"end":{}}]},"2":{"loc":{"start":{"line":33,"column":8},"end":{"line":33,"column":97}},"type":"if","locations":[{"start":{"line":33,"column":8},"end":{"line":33,"column":97}},{"start":{},"end":{}}]},"3":{"loc":{"start":{"line":35,"column":8},"end":{"line":37,"column":9}},"type":"if","locations":[{"start":{"line":35,"column":8},"end":{"line":37,"column":9}},{"start":{},"end":{}}]},"4":{"loc":{"start":{"line":47,"column":8},"end":{"line":47,"column":103}},"type":"if","locations":[{"start":{"line":47,"column":8},"end":{"line":47,"column":103}},{"start":{},"end":{}}]},"5":{"loc":{"start":{"line":49,"column":8},"end":{"line":51,"column":9}},"type":"if","locations":[{"start":{"line":49,"column":8},"end":{"line":51,"column":9}},{"start":{},"end":{}}]},"6":{"loc":{"start":{"line":71,"column":8},"end":{"line":71,"column":91}},"type":"if","locations":[{"start":{"line":71,"column":8},"end":{"line":71,"column":91}},{"start":{},"end":{}}]},"7":{"loc":{"start":{"line":74,"column":8},"end":{"line":76,"column":9}},"type":"if","locations":[{"start":{"line":74,"column":8},"end":{"line":76,"column":9}},{"start":{},"end":{}}]},"8":{"loc":{"start":{"line":86,"column":8},"end":{"line":86,"column":91}},"type":"if","locations":[{"start":{"line":86,"column":8},"end":{"line":86,"column":91}},{"start":{},"end":{}}]},"9":{"loc":{"start":{"line":88,"column":8},"end":{"line":88,"column":80}},"type":"if","locations":[{"start":{"line":88,"column":8},"end":{"line":88,"column":80}},{"start":{},"end":{}}]},"10":{"loc":{"start":{"line":109,"column":8},"end":{"line":109,"column":91}},"type":"if","locations":[{"start":{"line":109,"column":8},"end":{"line":109,"column":91}},{"start":{},"end":{}}]},"11":{"loc":{"start":{"line":111,"column":8},"end":{"line":111,"column":78}},"type":"if","locations":[{"start":{"line":111,"column":8},"end":{"line":111,"column":78}},{"start":{},"end":{}}]}},"s":{"0":1,"1":1,"2":1,"3":1,"4":1,"5":1,"6":0,"7":1,"8":1,"9":2,"10":2,"11":2,"12":0,"13":2,"14":2,"15":1,"16":1,"17":0,"18":1,"19":1,"20":0,"21":0,"22":0,"23":0,"24":0,"25":0,"26":0,"27":0,"28":0,"29":1,"30":1,"31":0,"32":0,"33":0,"34":0,"35":0,"36":0,"37":0,"38":0,"39":0,"40":1,"41":1,"42":1,"43":1,"44":1,"45":1,"46":0,"47":1,"48":1,"49":1,"50":1,"51":1,"52":0,"53":1,"54":1,"55":1,"56":0,"57":1,"58":0,"59":1,"60":1,"61":1,"62":1,"63":1,"64":0,"65":1,"66":1,"67":0,"68":1,"69":0,"70":1,"71":1,"72":0,"73":0,"74":0,"75":0,"76":1,"77":1,"78":0,"79":0,"80":0,"81":0,"82":0,"83":0,"84":0,"85":0,"86":0,"87":1},"f":{"0":1,"1":2,"2":0,"3":0,"4":1,"5":1,"6":1,"7":0,"8":0},"b":{"0":[0,2],"1":[1,1],"2":[0,0],"3":[0,0],"4":[0,0],"5":[0,0],"6":[0,1],"7":[0,1],"8":[0,1],"9":[0,1],"10":[0,0],"11":[0,0]}}
,"C:\\Users\\recko\\Desktop\\office task manager app\\backend\\src\\dao\\board.dao.ts": {"path":"C:\\Users\\recko\\Desktop\\office task manager app\\backend\\src\\dao\\board.dao.ts","statementMap":{"0":{"start":{"line":1,"column":0},"end":{"line":1,"column":54}},"1":{"start":{"line":2,"column":0},"end":{"line":2,"column":33}},"2":{"start":{"line":4,"column":23},"end":{"line":8,"column":1}},"3":{"start":{"line":5,"column":4},"end":{"line":6,"column":122}},"4":{"start":{"line":4,"column":13},"end":{"line":4,"column":23}},"5":{"start":{"line":14,"column":40},"end":{"line":17,"column":1}},"6":{"start":{"line":15,"column":4},"end":{"line":16,"column":122}},"7":{"start":{"line":14,"column":13},"end":{"line":14,"column":40}},"8":{"start":{"line":19,"column":24},"end":{"line":23,"column":1}},"9":{"start":{"line":20,"column":4},"end":{"line":21,"column":122}},"10":{"start":{"line":19,"column":13},"end":{"line":19,"column":24}},"11":{"start":{"line":25,"column":27},"end":{"line":30,"column":1}},"12":{"start":{"line":26,"column":18},"end":{"line":26,"column":33}},"13":{"start":{"line":27,"column":18},"end":{"line":27,"column":36}},"14":{"start":{"line":28,"column":4},"end":{"line":29,"column":122}},"15":{"start":{"line":25,"column":13},"end":{"line":25,"column":27}},"16":{"start":{"line":32,"column":27},"end":{"line":36,"column":1}},"17":{"start":{"line":33,"column":4},"end":{"line":35,"column":122}},"18":{"start":{"line":32,"column":13},"end":{"line":32,"column":27}},"19":{"start":{"line":38,"column":31},"end":{"line":42,"column":1}},"20":{"start":{"line":39,"column":4},"end":{"line":41,"column":122}},"21":{"start":{"line":38,"column":13},"end":{"line":38,"column":31}},"22":{"start":{"line":44,"column":28},"end":{"line":49,"column":1}},"23":{"start":{"line":45,"column":4},"end":{"line":47,"column":122}},"24":{"start":{"line":44,"column":13},"end":{"line":44,"column":28}},"25":{"start":{"line":51,"column":32},"end":{"line":55,"column":1}},"26":{"start":{"line":52,"column":4},"end":{"line":54,"column":122}},"27":{"start":{"line":51,"column":13},"end":{"line":51,"column":32}},"28":{"start":{"line":57,"column":37},"end":{"line":61,"column":1}},"29":{"start":{"line":58,"column":4},"end":{"line":60,"column":122}},"30":{"start":{"line":57,"column":13},"end":{"line":57,"column":37}},"31":{"start":{"line":63,"column":28},"end":{"line":69,"column":1}},"32":{"start":{"line":64,"column":4},"end":{"line":68,"column":122}},"33":{"start":{"line":63,"column":13},"end":{"line":63,"column":28}}},"fnMap":{"0":{"name":"(anonymous_1)","decl":{"start":{"line":4,"column":23},"end":{"line":4,"column":28}},"loc":{"start":{"line":4,"column":53},"end":{"line":8,"column":1}}},"1":{"name":"(anonymous_2)","decl":{"start":{"line":14,"column":40},"end":{"line":14,"column":45}},"loc":{"start":{"line":14,"column":70},"end":{"line":17,"column":1}}},"2":{"name":"(anonymous_3)","decl":{"start":{"line":19,"column":24},"end":{"line":19,"column":29}},"loc":{"start":{"line":19,"column":69},"end":{"line":23,"column":1}}},"3":{"name":"(anonymous_4)","decl":{"start":{"line":25,"column":27},"end":{"line":25,"column":32}},"loc":{"start":{"line":25,"column":83},"end":{"line":30,"column":1}}},"4":{"name":"(anonymous_5)","decl":{"start":{"line":32,"column":27},"end":{"line":32,"column":32}},"loc":{"start":{"line":32,"column":98},"end":{"line":36,"column":1}}},"5":{"name":"(anonymous_6)","decl":{"start":{"line":38,"column":31},"end":{"line":38,"column":36}},"loc":{"start":{"line":38,"column":76},"end":{"line":42,"column":1}}},"6":{"name":"(anonymous_7)","decl":{"start":{"line":44,"column":28},"end":{"line":44,"column":33}},"loc":{"start":{"line":44,"column":73},"end":{"line":49,"column":1}}},"7":{"name":"(anonymous_8)","decl":{"start":{"line":51,"column":32},"end":{"line":51,"column":37}},"loc":{"start":{"line":51,"column":100},"end":{"line":55,"column":1}}},"8":{"name":"(anonymous_9)","decl":{"start":{"line":57,"column":37},"end":{"line":57,"column":42}},"loc":{"start":{"line":57,"column":105},"end":{"line":61,"column":1}}},"9":{"name":"(anonymous_10)","decl":{"start":{"line":63,"column":28},"end":{"line":63,"column":33}},"loc":{"start":{"line":63,"column":72},"end":{"line":69,"column":1}}}},"branchMap":{},"s":{"0":2,"1":2,"2":2,"3":1,"4":2,"5":2,"6":0,"7":2,"8":2,"9":1,"10":2,"11":2,"12":1,"13":1,"14":1,"15":2,"16":2,"17":1,"18":2,"19":2,"20":1,"21":2,"22":2,"23":0,"24":2,"25":2,"26":0,"27":2,"28":2,"29":0,"30":2,"31":2,"32":0,"33":2},"f":{"0":1,"1":0,"2":1,"3":1,"4":1,"5":1,"6":0,"7":0,"8":0,"9":0},"b":{}}
,"C:\\Users\\recko\\Desktop\\office task manager app\\backend\\src\\dao\\task.dao.ts": {"path":"C:\\Users\\recko\\Desktop\\office task manager app\\backend\\src\\dao\\task.dao.ts","statementMap":{"0":{"start":{"line":1,"column":0},"end":{"line":1,"column":51}},"1":{"start":{"line":4,"column":22},"end":{"line":10,"column":2}},"2":{"start":{"line":12,"column":21},"end":{"line":16,"column":2}},"3":{"start":{"line":12,"column":41},"end":{"line":16,"column":2}},"4":{"start":{"line":18,"column":23},"end":{"line":24,"column":1}},"5":{"start":{"line":19,"column":4},"end":{"line":23,"column":23}},"6":{"start":{"line":18,"column":13},"end":{"line":18,"column":23}},"7":{"start":{"line":27,"column":40},"end":{"line":33,"column":1}},"8":{"start":{"line":28,"column":4},"end":{"line":32,"column":23}},"9":{"start":{"line":27,"column":13},"end":{"line":27,"column":40}},"10":{"start":{"line":35,"column":24},"end":{"line":41,"column":1}},"11":{"start":{"line":36,"column":4},"end":{"line":40,"column":23}},"12":{"start":{"line":35,"column":13},"end":{"line":35,"column":24}},"13":{"start":{"line":43,"column":26},"end":{"line":51,"column":1}},"14":{"start":{"line":44,"column":17},"end":{"line":44,"column":31}},"15":{"start":{"line":45,"column":18},"end":{"line":45,"column":35}},"16":{"start":{"line":46,"column":4},"end":{"line":50,"column":23}},"17":{"start":{"line":43,"column":13},"end":{"line":43,"column":26}},"18":{"start":{"line":53,"column":26},"end":{"line":59,"column":1}},"19":{"start":{"line":54,"column":4},"end":{"line":58,"column":23}},"20":{"start":{"line":53,"column":13},"end":{"line":53,"column":26}},"21":{"start":{"line":62,"column":30},"end":{"line":68,"column":1}},"22":{"start":{"line":63,"column":4},"end":{"line":67,"column":23}},"23":{"start":{"line":62,"column":13},"end":{"line":62,"column":30}},"24":{"start":{"line":70,"column":27},"end":{"line":76,"column":1}},"25":{"start":{"line":71,"column":4},"end":{"line":75,"column":23}},"26":{"start":{"line":70,"column":13},"end":{"line":70,"column":27}},"27":{"start":{"line":78,"column":27},"end":{"line":84,"column":1}},"28":{"start":{"line":79,"column":4},"end":{"line":83,"column":23}},"29":{"start":{"line":78,"column":13},"end":{"line":78,"column":27}},"30":{"start":{"line":86,"column":30},"end":{"line":92,"column":1}},"31":{"start":{"line":87,"column":4},"end":{"line":91,"column":23}},"32":{"start":{"line":86,"column":13},"end":{"line":86,"column":30}},"33":{"start":{"line":94,"column":32},"end":{"line":100,"column":1}},"34":{"start":{"line":95,"column":4},"end":{"line":99,"column":23}},"35":{"start":{"line":94,"column":13},"end":{"line":94,"column":32}},"36":{"start":{"line":102,"column":33},"end":{"line":104,"column":1}},"37":{"start":{"line":103,"column":4},"end":{"line":103,"column":83}},"38":{"start":{"line":102,"column":13},"end":{"line":102,"column":33}},"39":{"start":{"line":106,"column":30},"end":{"line":112,"column":1}},"40":{"start":{"line":107,"column":4},"end":{"line":111,"column":23}},"41":{"start":{"line":106,"column":13},"end":{"line":106,"column":30}}},"fnMap":{"0":{"name":"(anonymous_1)","decl":{"start":{"line":12,"column":21},"end":{"line":12,"column":22}},"loc":{"start":{"line":12,"column":41},"end":{"line":16,"column":2}}},"1":{"name":"(anonymous_2)","decl":{"start":{"line":18,"column":23},"end":{"line":18,"column":28}},"loc":{"start":{"line":18,"column":52},"end":{"line":24,"column":1}}},"2":{"name":"(anonymous_3)","decl":{"start":{"line":27,"column":40},"end":{"line":27,"column":45}},"loc":{"start":{"line":27,"column":69},"end":{"line":33,"column":1}}},"3":{"name":"(anonymous_4)","decl":{"start":{"line":35,"column":24},"end":{"line":35,"column":29}},"loc":{"start":{"line":35,"column":68},"end":{"line":41,"column":1}}},"4":{"name":"(anonymous_5)","decl":{"start":{"line":43,"column":26},"end":{"line":43,"column":31}},"loc":{"start":{"line":43,"column":80},"end":{"line":51,"column":1}}},"5":{"name":"(anonymous_6)","decl":{"start":{"line":53,"column":26},"end":{"line":53,"column":31}},"loc":{"start":{"line":53,"column":95},"end":{"line":59,"column":1}}},"6":{"name":"(anonymous_7)","decl":{"start":{"line":62,"column":30},"end":{"line":62,"column":35}},"loc":{"start":{"line":62,"column":74},"end":{"line":68,"column":1}}},"7":{"name":"(anonymous_8)","decl":{"start":{"line":70,"column":27},"end":{"line":70,"column":32}},"loc":{"start":{"line":70,"column":71},"end":{"line":76,"column":1}}},"8":{"name":"(anonymous_9)","decl":{"start":{"line":78,"column":27},"end":{"line":78,"column":32}},"loc":{"start":{"line":78,"column":71},"end":{"line":84,"column":1}}},"9":{"name":"(anonymous_10)","decl":{"start":{"line":86,"column":30},"end":{"line":86,"column":35}},"loc":{"start":{"line":86,"column":73},"end":{"line":92,"column":1}}},"10":{"name":"(anonymous_11)","decl":{"start":{"line":94,"column":32},"end":{"line":94,"column":37}},"loc":{"start":{"line":94,"column":92},"end":{"line":100,"column":1}}},"11":{"name":"(anonymous_12)","decl":{"start":{"line":102,"column":33},"end":{"line":102,"column":38}},"loc":{"start":{"line":102,"column":74},"end":{"line":104,"column":1}}},"12":{"name":"(anonymous_13)","decl":{"start":{"line":106,"column":30},"end":{"line":106,"column":35}},"loc":{"start":{"line":106,"column":85},"end":{"line":112,"column":1}}}},"branchMap":{},"s":{"0":2,"1":2,"2":2,"3":10,"4":2,"5":1,"6":2,"7":2,"8":0,"9":2,"10":2,"11":1,"12":2,"13":2,"14":1,"15":1,"16":1,"17":2,"18":2,"19":1,"20":2,"21":2,"22":1,"23":2,"24":2,"25":0,"26":2,"27":2,"28":0,"29":2,"30":2,"31":0,"32":2,"33":2,"34":0,"35":2,"36":2,"37":1,"38":2,"39":2,"40":0,"41":2},"f":{"0":10,"1":1,"2":0,"3":1,"4":1,"5":1,"6":1,"7":0,"8":0,"9":0,"10":0,"11":1,"12":0},"b":{}}
,"C:\\Users\\recko\\Desktop\\office task manager app\\backend\\src\\dao\\user.dao.ts": {"path":"C:\\Users\\recko\\Desktop\\office task manager app\\backend\\src\\dao\\user.dao.ts","statementMap":{"0":{"start":{"line":1,"column":0},"end":{"line":1,"column":51}},"1":{"start":{"line":3,"column":23},"end":{"line":5,"column":1}},"2":{"start":{"line":4,"column":4},"end":{"line":4,"column":80}},"3":{"start":{"line":3,"column":13},"end":{"line":3,"column":23}},"4":{"start":{"line":7,"column":24},"end":{"line":9,"column":1}},"5":{"start":{"line":8,"column":4},"end":{"line":8,"column":86}},"6":{"start":{"line":7,"column":13},"end":{"line":7,"column":24}},"7":{"start":{"line":11,"column":27},"end":{"line":13,"column":1}},"8":{"start":{"line":12,"column":4},"end":{"line":12,"column":92}},"9":{"start":{"line":11,"column":13},"end":{"line":11,"column":27}},"10":{"start":{"line":15,"column":30},"end":{"line":17,"column":1}},"11":{"start":{"line":16,"column":4},"end":{"line":16,"column":95}},"12":{"start":{"line":15,"column":13},"end":{"line":15,"column":30}},"13":{"start":{"line":19,"column":26},"end":{"line":22,"column":1}},"14":{"start":{"line":20,"column":17},"end":{"line":20,"column":31}},"15":{"start":{"line":21,"column":4},"end":{"line":21,"column":29}},"16":{"start":{"line":19,"column":13},"end":{"line":19,"column":26}},"17":{"start":{"line":24,"column":26},"end":{"line":26,"column":1}},"18":{"start":{"line":25,"column":4},"end":{"line":25,"column":119}},"19":{"start":{"line":24,"column":13},"end":{"line":24,"column":26}},"20":{"start":{"line":28,"column":30},"end":{"line":34,"column":1}},"21":{"start":{"line":29,"column":4},"end":{"line":33,"column":57}},"22":{"start":{"line":28,"column":13},"end":{"line":28,"column":30}},"23":{"start":{"line":36,"column":27},"end":{"line":42,"column":1}},"24":{"start":{"line":37,"column":4},"end":{"line":41,"column":57}},"25":{"start":{"line":36,"column":13},"end":{"line":36,"column":27}}},"fnMap":{"0":{"name":"(anonymous_1)","decl":{"start":{"line":3,"column":23},"end":{"line":3,"column":28}},"loc":{"start":{"line":3,"column":52},"end":{"line":5,"column":1}}},"1":{"name":"(anonymous_2)","decl":{"start":{"line":7,"column":24},"end":{"line":7,"column":29}},"loc":{"start":{"line":7,"column":68},"end":{"line":9,"column":1}}},"2":{"name":"(anonymous_3)","decl":{"start":{"line":11,"column":27},"end":{"line":11,"column":32}},"loc":{"start":{"line":11,"column":74},"end":{"line":13,"column":1}}},"3":{"name":"(anonymous_4)","decl":{"start":{"line":15,"column":30},"end":{"line":15,"column":35}},"loc":{"start":{"line":15,"column":80},"end":{"line":17,"column":1}}},"4":{"name":"(anonymous_5)","decl":{"start":{"line":19,"column":26},"end":{"line":19,"column":31}},"loc":{"start":{"line":19,"column":73},"end":{"line":22,"column":1}}},"5":{"name":"(anonymous_6)","decl":{"start":{"line":24,"column":26},"end":{"line":24,"column":31}},"loc":{"start":{"line":24,"column":95},"end":{"line":26,"column":1}}},"6":{"name":"(anonymous_7)","decl":{"start":{"line":28,"column":30},"end":{"line":28,"column":35}},"loc":{"start":{"line":28,"column":74},"end":{"line":34,"column":1}}},"7":{"name":"(anonymous_8)","decl":{"start":{"line":36,"column":27},"end":{"line":36,"column":32}},"loc":{"start":{"line":36,"column":71},"end":{"line":42,"column":1}}}},"branchMap":{},"s":{"0":1,"1":1,"2":1,"3":1,"4":1,"5":2,"6":1,"7":1,"8":0,"9":1,"10":1,"11":0,"12":1,"13":1,"14":1,"15":1,"16":1,"17":1,"18":1,"19":1,"20":1,"21":1,"22":1,"23":1,"24":0,"25":1},"f":{"0":1,"1":2,"2":0,"3":0,"4":1,"5":1,"6":1,"7":0},"b":{}}
,"C:\\Users\\recko\\Desktop\\office task manager app\\backend\\src\\mappers\\board.mapper.ts": {"path":"C:\\Users\\recko\\Desktop\\office task manager app\\backend\\src\\mappers\\board.mapper.ts","statementMap":{"0":{"start":{"line":4,"column":0},"end":{"line":4,"column":16}},"1":{"start":{"line":2,"column":0},"end":{"line":2,"column":50}},"2":{"start":{"line":5,"column":4},"end":{"line":14,"column":6}}},"fnMap":{"0":{"name":"mapBoardToResponse","decl":{"start":{"line":4,"column":16},"end":{"line":4,"column":34}},"loc":{"start":{"line":4,"column":45},"end":{"line":15,"column":1}}}},"branchMap":{},"s":{"0":2,"1":2,"2":8},"f":{"0":8},"b":{}}
,"C:\\Users\\recko\\Desktop\\office task manager app\\backend\\src\\mappers\\task.mapper.ts": {"path":"C:\\Users\\recko\\Desktop\\office task manager app\\backend\\src\\mappers\\task.mapper.ts","statementMap":{"0":{"start":{"line":5,"column":0},"end":{"line":5,"column":16}},"1":{"start":{"line":2,"column":0},"end":{"line":2,"column":50}},"2":{"start":{"line":3,"column":0},"end":{"line":3,"column":52}},"3":{"start":{"line":6,"column":4},"end":{"line":18,"column":6}}},"fnMap":{"0":{"name":"mapTaskToResponse","decl":{"start":{"line":5,"column":16},"end":{"line":5,"column":33}},"loc":{"start":{"line":5,"column":43},"end":{"line":19,"column":1}}}},"branchMap":{"0":{"loc":{"start":{"line":12,"column":20},"end":{"line":12,"column":84}},"type":"cond-expr","locations":[{"start":{"line":12,"column":38},"end":{"line":12,"column":72}},{"start":{"line":12,"column":75},"end":{"line":12,"column":84}}]},"1":{"loc":{"start":{"line":13,"column":20},"end":{"line":13,"column":84}},"type":"cond-expr","locations":[{"start":{"line":13,"column":38},"end":{"line":13,"column":72}},{"start":{"line":13,"column":75},"end":{"line":13,"column":84}}]}},"s":{"0":1,"1":1,"2":1,"3":4},"f":{"0":4},"b":{"0":[4,0],"1":[4,0]}}
,"C:\\Users\\recko\\Desktop\\office task manager app\\backend\\src\\mappers\\user.mapper.ts": {"path":"C:\\Users\\recko\\Desktop\\office task manager app\\backend\\src\\mappers\\user.mapper.ts","statementMap":{"0":{"start":{"line":3,"column":0},"end":{"line":3,"column":16}},"1":{"start":{"line":24,"column":0},"end":{"line":24,"column":16}},"2":{"start":{"line":4,"column":4},"end":{"line":21,"column":6}},"3":{"start":{"line":25,"column":4},"end":{"line":31,"column":6}}},"fnMap":{"0":{"name":"mapUserToResponse","decl":{"start":{"line":3,"column":16},"end":{"line":3,"column":33}},"loc":{"start":{"line":3,"column":43},"end":{"line":22,"column":1}}},"1":{"name":"mapUserToSummary","decl":{"start":{"line":24,"column":16},"end":{"line":24,"column":32}},"loc":{"start":{"line":24,"column":42},"end":{"line":32,"column":1}}}},"branchMap":{},"s":{"0":3,"1":3,"2":22,"3":0},"f":{"0":22,"1":0},"b":{}}
,"C:\\Users\\recko\\Desktop\\office task manager app\\backend\\src\\middlewares\\auth.middleware.ts": {"path":"C:\\Users\\recko\\Desktop\\office task manager app\\backend\\src\\middlewares\\auth.middleware.ts","statementMap":{"0":{"start":{"line":2,"column":0},"end":{"line":2,"column":31}},"1":{"start":{"line":3,"column":0},"end":{"line":3,"column":28}},"2":{"start":{"line":5,"column":0},"end":{"line":5,"column":16}},"3":{"start":{"line":15,"column":19},"end":{"line":15,"column":55}},"4":{"start":{"line":17,"column":28},"end":{"line":37,"column":1}},"5":{"start":{"line":18,"column":19},"end":{"line":18,"column":44}},"6":{"start":{"line":20,"column":4},"end":{"line":22,"column":5}},"7":{"start":{"line":21,"column":8},"end":{"line":21,"column":92}},"8":{"start":{"line":24,"column":18},"end":{"line":24,"column":38}},"9":{"start":{"line":26,"column":4},"end":{"line":28,"column":5}},"10":{"start":{"line":27,"column":8},"end":{"line":27,"column":81}},"11":{"start":{"line":30,"column":4},"end":{"line":36,"column":5}},"12":{"start":{"line":31,"column":24},"end":{"line":31,"column":53}},"13":{"start":{"line":32,"column":8},"end":{"line":32,"column":27}},"14":{"start":{"line":33,"column":8},"end":{"line":33,"column":15}},"15":{"start":{"line":35,"column":8},"end":{"line":35,"column":77}},"16":{"start":{"line":17,"column":13},"end":{"line":17,"column":28}}},"fnMap":{"0":{"name":"(anonymous_1)","decl":{"start":{"line":17,"column":28},"end":{"line":17,"column":29}},"loc":{"start":{"line":17,"column":80},"end":{"line":37,"column":1}}}},"branchMap":{"0":{"loc":{"start":{"line":15,"column":19},"end":{"line":15,"column":55}},"type":"binary-expr","locations":[{"start":{"line":15,"column":19},"end":{"line":15,"column":41}},{"start":{"line":15,"column":45},"end":{"line":15,"column":55}}]},"1":{"loc":{"start":{"line":20,"column":4},"end":{"line":22,"column":5}},"type":"if","locations":[{"start":{"line":20,"column":4},"end":{"line":22,"column":5}},{"start":{},"end":{}}]},"2":{"loc":{"start":{"line":20,"column":8},"end":{"line":20,"column":48}},"type":"binary-expr","locations":[{"start":{"line":20,"column":8},"end":{"line":20,"column":15}},{"start":{"line":20,"column":19},"end":{"line":20,"column":48}}]},"3":{"loc":{"start":{"line":26,"column":4},"end":{"line":28,"column":5}},"type":"if","locations":[{"start":{"line":26,"column":4},"end":{"line":28,"column":5}},{"start":{},"end":{}}]}},"s":{"0":3,"1":3,"2":3,"3":3,"4":3,"5":23,"6":23,"7":3,"8":20,"9":20,"10":0,"11":20,"12":20,"13":20,"14":20,"15":0,"16":3},"f":{"0":23},"b":{"0":[3,0],"1":[3,20],"2":[23,20],"3":[0,20]}}
,"C:\\Users\\recko\\Desktop\\office task manager app\\backend\\src\\middlewares\\role.middleware.ts": {"path":"C:\\Users\\recko\\Desktop\\office task manager app\\backend\\src\\middlewares\\role.middleware.ts","statementMap":{"0":{"start":{"line":3,"column":28},"end":{"line":13,"column":1}},"1":{"start":{"line":4,"column":4},"end":{"line":12,"column":5}},"2":{"start":{"line":5,"column":8},"end":{"line":7,"column":9}},"3":{"start":{"line":6,"column":16},"end":{"line":6,"column":96}},"4":{"start":{"line":9,"column":8},"end":{"line":9,"column":15}},"5":{"start":{"line":11,"column":8},"end":{"line":11,"column":77}},"6":{"start":{"line":3,"column":13},"end":{"line":3,"column":28}},"7":{"start":{"line":15,"column":30},"end":{"line":25,"column":1}},"8":{"start":{"line":16,"column":4},"end":{"line":24,"column":5}},"9":{"start":{"line":17,"column":8},"end":{"line":19,"column":9}},"10":{"start":{"line":18,"column":12},"end":{"line":18,"column":94}},"11":{"start":{"line":20,"column":8},"end":{"line":20,"column":15}},"12":{"start":{"line":23,"column":8},"end":{"line":23,"column":77}},"13":{"start":{"line":15,"column":13},"end":{"line":15,"column":30}},"14":{"start":{"line":27,"column":31},"end":{"line":37,"column":1}},"15":{"start":{"line":28,"column":4},"end":{"line":35,"column":5}},"16":{"start":{"line":29,"column":8},"end":{"line":31,"column":9}},"17":{"start":{"line":30,"column":12},"end":{"line":30,"column":95}},"18":{"start":{"line":32,"column":8},"end":{"line":32,"column":15}},"19":{"start":{"line":34,"column":8},"end":{"line":34,"column":77}},"20":{"start":{"line":27,"column":13},"end":{"line":27,"column":31}},"21":{"start":{"line":39,"column":37},"end":{"line":48,"column":1}},"22":{"start":{"line":40,"column":4},"end":{"line":47,"column":5}},"23":{"start":{"line":41,"column":8},"end":{"line":43,"column":9}},"24":{"start":{"line":42,"column":12},"end":{"line":42,"column":103}},"25":{"start":{"line":44,"column":8},"end":{"line":44,"column":15}},"26":{"start":{"line":46,"column":8},"end":{"line":46,"column":77}},"27":{"start":{"line":39,"column":13},"end":{"line":39,"column":37}}},"fnMap":{"0":{"name":"(anonymous_0)","decl":{"start":{"line":3,"column":28},"end":{"line":3,"column":29}},"loc":{"start":{"line":3,"column":80},"end":{"line":13,"column":1}}},"1":{"name":"(anonymous_1)","decl":{"start":{"line":15,"column":30},"end":{"line":15,"column":31}},"loc":{"start":{"line":15,"column":82},"end":{"line":25,"column":1}}},"2":{"name":"(anonymous_2)","decl":{"start":{"line":27,"column":31},"end":{"line":27,"column":32}},"loc":{"start":{"line":27,"column":83},"end":{"line":37,"column":1}}},"3":{"name":"(anonymous_3)","decl":{"start":{"line":39,"column":37},"end":{"line":39,"column":38}},"loc":{"start":{"line":39,"column":89},"end":{"line":48,"column":1}}}},"branchMap":{"0":{"loc":{"start":{"line":5,"column":8},"end":{"line":7,"column":9}},"type":"if","locations":[{"start":{"line":5,"column":8},"end":{"line":7,"column":9}},{"start":{},"end":{}}]},"1":{"loc":{"start":{"line":17,"column":8},"end":{"line":19,"column":9}},"type":"if","locations":[{"start":{"line":17,"column":8},"end":{"line":19,"column":9}},{"start":{},"end":{}}]},"2":{"loc":{"start":{"line":29,"column":8},"end":{"line":31,"column":9}},"type":"if","locations":[{"start":{"line":29,"column":8},"end":{"line":31,"column":9}},{"start":{},"end":{}}]},"3":{"loc":{"start":{"line":41,"column":8},"end":{"line":43,"column":9}},"type":"if","locations":[{"start":{"line":41,"column":8},"end":{"line":43,"column":9}},{"start":{},"end":{}}]},"4":{"loc":{"start":{"line":41,"column":12},"end":{"line":41,"column":68}},"type":"binary-expr","locations":[{"start":{"line":41,"column":12},"end":{"line":41,"column":37}},{"start":{"line":41,"column":41},"end":{"line":41,"column":68}}]}},"s":{"0":3,"1":8,"2":8,"3":1,"4":7,"5":0,"6":3,"7":3,"8":0,"9":0,"10":0,"11":0,"12":0,"13":3,"14":3,"15":0,"16":0,"17":0,"18":0,"19":0,"20":3,"21":3,"22":8,"23":8,"24":2,"25":6,"26":0,"27":3},"f":{"0":8,"1":0,"2":0,"3":8},"b":{"0":[1,7],"1":[0,0],"2":[0,0],"3":[2,6],"4":[8,6]}}
,"C:\\Users\\recko\\Desktop\\office task manager app\\backend\\src\\middlewares\\validate.middleware.ts": {"path":"C:\\Users\\recko\\Desktop\\office task manager app\\backend\\src\\middlewares\\validate.middleware.ts","statementMap":{"0":{"start":{"line":5,"column":24},"end":{"line":16,"column":1}},"1":{"start":{"line":6,"column":4},"end":{"line":15,"column":null}},"2":{"start":{"line":7,"column":8},"end":{"line":14,"column":5}},"3":{"start":{"line":8,"column":12},"end":{"line":8,"column":46}},"4":{"start":{"line":9,"column":16},"end":{"line":9,"column":23}},"5":{"start":{"line":13,"column":16},"end":{"line":13,"column":91}},"6":{"start":{"line":5,"column":13},"end":{"line":5,"column":24}}},"fnMap":{"0":{"name":"(anonymous_0)","decl":{"start":{"line":5,"column":24},"end":{"line":5,"column":25}},"loc":{"start":{"line":5,"column":44},"end":{"line":16,"column":1}}},"1":{"name":"(anonymous_1)","decl":{"start":{"line":6,"column":11},"end":{"line":6,"column":12}},"loc":{"start":{"line":6,"column":63},"end":{"line":15,"column":5}}}},"branchMap":{"0":{"loc":{"start":{"line":13,"column":54},"end":{"line":13,"column":87}},"type":"binary-expr","locations":[{"start":{"line":13,"column":54},"end":{"line":13,"column":65}},{"start":{"line":13,"column":69},"end":{"line":13,"column":87}}]}},"s":{"0":3,"1":7,"2":7,"3":7,"4":6,"5":1,"6":3},"f":{"0":7,"1":7},"b":{"0":[1,1]}}
,"C:\\Users\\recko\\Desktop\\office task manager app\\backend\\src\\models\\board.model.ts": {"path":"C:\\Users\\recko\\Desktop\\office task manager app\\backend\\src\\models\\board.model.ts","statementMap":{"0":{"start":{"line":1,"column":0},"end":{"line":1,"column":58}},"1":{"start":{"line":14,"column":28},"end":{"line":23,"column":2}},"2":{"start":{"line":25,"column":0},"end":{"line":25,"column":51}}},"fnMap":{},"branchMap":{},"s":{"0":2,"1":2,"2":2},"f":{},"b":{}}
,"C:\\Users\\recko\\Desktop\\office task manager app\\backend\\src\\models\\role.model.ts": {"path":"C:\\Users\\recko\\Desktop\\office task manager app\\backend\\src\\models\\role.model.ts","statementMap":{"0":{"start":{"line":1,"column":0},"end":{"line":1,"column":56}},"1":{"start":{"line":9,"column":27},"end":{"line":18,"column":2}},"2":{"start":{"line":20,"column":1},"end":{"line":20,"column":49}}},"fnMap":{},"branchMap":{},"s":{"0":3,"1":3,"2":3},"f":{},"b":{}}
,"C:\\Users\\recko\\Desktop\\office task manager app\\backend\\src\\models\\task.model.ts": {"path":"C:\\Users\\recko\\Desktop\\office task manager app\\backend\\src\\models\\task.model.ts","statementMap":{"0":{"start":{"line":1,"column":0},"end":{"line":1,"column":58}},"1":{"start":{"line":18,"column":27},"end":{"line":44,"column":2}},"2":{"start":{"line":46,"column":0},"end":{"line":46,"column":48}}},"fnMap":{},"branchMap":{},"s":{"0":2,"1":2,"2":2},"f":{},"b":{}}
,"C:\\Users\\recko\\Desktop\\office task manager app\\backend\\src\\models\\user.model.ts": {"path":"C:\\Users\\recko\\Desktop\\office task manager app\\backend\\src\\models\\user.model.ts","statementMap":{"0":{"start":{"line":1,"column":0},"end":{"line":1,"column":58}},"1":{"start":{"line":20,"column":27},"end":{"line":31,"column":24}},"2":{"start":{"line":33,"column":0},"end":{"line":33,"column":48}}},"fnMap":{},"branchMap":{},"s":{"0":3,"1":3,"2":3},"f":{},"b":{}}
,"C:\\Users\\recko\\Desktop\\office task manager app\\backend\\src\\routes\\board.routes.ts": {"path":"C:\\Users\\recko\\Desktop\\office task manager app\\backend\\src\\routes\\board.routes.ts","statementMap":{"0":{"start":{"line":1,"column":0},"end":{"line":1,"column":33}},"1":{"start":{"line":2,"column":0},"end":{"line":2,"column":66}},"2":{"start":{"line":3,"column":0},"end":{"line":3,"column":62}},"3":{"start":{"line":4,"column":0},"end":{"line":4,"column":85}},"4":{"start":{"line":5,"column":0},"end":{"line":5,"column":62}},"5":{"start":{"line":6,"column":0},"end":{"line":6,"column":66}},"6":{"start":{"line":8,"column":15},"end":{"line":8,"column":23}},"7":{"start":{"line":22,"column":0},"end":{"line":22,"column":57}},"8":{"start":{"line":38,"column":0},"end":{"line":38,"column":91}},"9":{"start":{"line":60,"column":0},"end":{"line":60,"column":63}},"10":{"start":{"line":82,"column":0},"end":{"line":82,"column":112}},"11":{"start":{"line":110,"column":0},"end":{"line":110,"column":114}},"12":{"start":{"line":132,"column":0},"end":{"line":132,"column":88}},"13":{"start":{"line":152,"column":0},"end":{"line":152,"column":96}},"14":{"start":{"line":177,"column":0},"end":{"line":177,"column":118}},"15":{"start":{"line":202,"column":0},"end":{"line":202,"column":126}},"16":{"start":{"line":204,"column":0},"end":{"line":204,"column":22}}},"fnMap":{},"branchMap":{},"s":{"0":1,"1":1,"2":1,"3":1,"4":1,"5":1,"6":1,"7":1,"8":1,"9":1,"10":1,"11":1,"12":1,"13":1,"14":1,"15":1,"16":1},"f":{},"b":{}}
,"C:\\Users\\recko\\Desktop\\office task manager app\\backend\\src\\routes\\task.routes.ts": {"path":"C:\\Users\\recko\\Desktop\\office task manager app\\backend\\src\\routes\\task.routes.ts","statementMap":{"0":{"start":{"line":1,"column":0},"end":{"line":1,"column":33}},"1":{"start":{"line":2,"column":0},"end":{"line":2,"column":64}},"2":{"start":{"line":3,"column":0},"end":{"line":3,"column":62}},"3":{"start":{"line":4,"column":0},"end":{"line":4,"column":85}},"4":{"start":{"line":5,"column":0},"end":{"line":5,"column":62}},"5":{"start":{"line":6,"column":0},"end":{"line":6,"column":88}},"6":{"start":{"line":8,"column":15},"end":{"line":8,"column":23}},"7":{"start":{"line":22,"column":0},"end":{"line":22,"column":55}},"8":{"start":{"line":38,"column":0},"end":{"line":38,"column":89}},"9":{"start":{"line":58,"column":0},"end":{"line":58,"column":76}},"10":{"start":{"line":78,"column":0},"end":{"line":78,"column":81}},"11":{"start":{"line":100,"column":0},"end":{"line":100,"column":61}},"12":{"start":{"line":122,"column":0},"end":{"line":122,"column":109}},"13":{"start":{"line":150,"column":0},"end":{"line":150,"column":111}},"14":{"start":{"line":180,"column":0},"end":{"line":180,"column":109}},"15":{"start":{"line":200,"column":0},"end":{"line":200,"column":94}},"16":{"start":{"line":222,"column":0},"end":{"line":222,"column":86}},"17":{"start":{"line":224,"column":0},"end":{"line":224,"column":22}}},"fnMap":{},"branchMap":{},"s":{"0":1,"1":1,"2":1,"3":1,"4":1,"5":1,"6":1,"7":1,"8":1,"9":1,"10":1,"11":1,"12":1,"13":1,"14":1,"15":1,"16":1,"17":1},"f":{},"b":{}}
,"C:\\Users\\recko\\Desktop\\office task manager app\\backend\\src\\routes\\user.routes.ts": {"path":"C:\\Users\\recko\\Desktop\\office task manager app\\backend\\src\\routes\\user.routes.ts","statementMap":{"0":{"start":{"line":1,"column":0},"end":{"line":1,"column":33}},"1":{"start":{"line":2,"column":0},"end":{"line":2,"column":58}},"2":{"start":{"line":3,"column":0},"end":{"line":3,"column":62}},"3":{"start":{"line":4,"column":0},"end":{"line":4,"column":85}},"4":{"start":{"line":5,"column":0},"end":{"line":5,"column":62}},"5":{"start":{"line":6,"column":0},"end":{"line":6,"column":82}},"6":{"start":{"line":8,"column":15},"end":{"line":8,"column":23}},"7":{"start":{"line":24,"column":0},"end":{"line":24,"column":63}},"8":{"start":{"line":46,"column":0},"end":{"line":46,"column":94}},"9":{"start":{"line":68,"column":0},"end":{"line":68,"column":87}},"10":{"start":{"line":70,"column":0},"end":{"line":70,"column":69}},"11":{"start":{"line":98,"column":0},"end":{"line":98,"column":98}},"12":{"start":{"line":120,"column":0},"end":{"line":120,"column":71}},"13":{"start":{"line":121,"column":0},"end":{"line":121,"column":79}},"14":{"start":{"line":123,"column":0},"end":{"line":123,"column":22}}},"fnMap":{},"branchMap":{},"s":{"0":1,"1":1,"2":1,"3":1,"4":1,"5":1,"6":1,"7":1,"8":1,"9":1,"10":1,"11":1,"12":1,"13":1,"14":1},"f":{},"b":{}}
,"C:\\Users\\recko\\Desktop\\office task manager app\\backend\\src\\services\\board.service.ts": {"path":"C:\\Users\\recko\\Desktop\\office task manager app\\backend\\src\\services\\board.service.ts","statementMap":{"0":{"start":{"line":1,"column":0},"end":{"line":1,"column":45}},"1":{"start":{"line":2,"column":0},"end":{"line":2,"column":43}},"2":{"start":{"line":4,"column":0},"end":{"line":4,"column":33}},"3":{"start":{"line":8,"column":23},"end":{"line":13,"column":1}},"4":{"start":{"line":9,"column":4},"end":{"line":11,"column":5}},"5":{"start":{"line":10,"column":8},"end":{"line":10,"column":40}},"6":{"start":{"line":12,"column":4},"end":{"line":12,"column":47}},"7":{"start":{"line":8,"column":13},"end":{"line":8,"column":23}},"8":{"start":{"line":15,"column":40},"end":{"line":17,"column":1}},"9":{"start":{"line":16,"column":4},"end":{"line":16,"column":53}},"10":{"start":{"line":15,"column":13},"end":{"line":15,"column":40}},"11":{"start":{"line":19,"column":24},"end":{"line":27,"column":1}},"12":{"start":{"line":20,"column":18},"end":{"line":20,"column":45}},"13":{"start":{"line":21,"column":4},"end":{"line":21,"column":28}},"14":{"start":{"line":21,"column":16},"end":{"line":21,"column":28}},"15":{"start":{"line":22,"column":4},"end":{"line":22,"column":70}},"16":{"start":{"line":22,"column":57},"end":{"line":22,"column":70}},"17":{"start":{"line":23,"column":21},"end":{"line":23,"column":82}},"18":{"start":{"line":24,"column":21},"end":{"line":25,"column":96}},"19":{"start":{"line":25,"column":39},"end":{"line":25,"column":95}},"20":{"start":{"line":26,"column":4},"end":{"line":26,"column":35}},"21":{"start":{"line":19,"column":13},"end":{"line":19,"column":24}},"22":{"start":{"line":29,"column":27},"end":{"line":34,"column":1}},"23":{"start":{"line":30,"column":26},"end":{"line":30,"column":53}},"24":{"start":{"line":31,"column":22},"end":{"line":31,"column":94}},"25":{"start":{"line":31,"column":66},"end":{"line":31,"column":88}},"26":{"start":{"line":33,"column":4},"end":{"line":33,"column":96}},"27":{"start":{"line":29,"column":13},"end":{"line":29,"column":27}},"28":{"start":{"line":36,"column":27},"end":{"line":46,"column":1}},"29":{"start":{"line":37,"column":40},"end":{"line":37,"column":42}},"30":{"start":{"line":39,"column":4},"end":{"line":39,"column":70}},"31":{"start":{"line":39,"column":37},"end":{"line":39,"column":70}},"32":{"start":{"line":40,"column":4},"end":{"line":40,"column":88}},"33":{"start":{"line":40,"column":43},"end":{"line":40,"column":88}},"34":{"start":{"line":41,"column":4},"end":{"line":43,"column":5}},"35":{"start":{"line":42,"column":8},"end":{"line":42,"column":79}},"36":{"start":{"line":42,"column":55},"end":{"line":42,"column":77}},"37":{"start":{"line":45,"column":4},"end":{"line":45,"column":54}},"38":{"start":{"line":36,"column":13},"end":{"line":36,"column":27}},"39":{"start":{"line":48,"column":31},"end":{"line":51,"column":1}},"40":{"start":{"line":49,"column":4},"end":{"line":49,"column":40}},"41":{"start":{"line":50,"column":4},"end":{"line":50,"column":46}},"42":{"start":{"line":48,"column":13},"end":{"line":48,"column":31}},"43":{"start":{"line":53,"column":28},"end":{"line":55,"column":1}},"44":{"start":{"line":54,"column":4},"end":{"line":54,"column":43}},"45":{"start":{"line":53,"column":13},"end":{"line":53,"column":28}},"46":{"start":{"line":57,"column":32},"end":{"line":59,"column":1}},"47":{"start":{"line":58,"column":4},"end":{"line":58,"column":62}},"48":{"start":{"line":57,"column":13},"end":{"line":57,"column":32}},"49":{"start":{"line":61,"column":37},"end":{"line":63,"column":1}},"50":{"start":{"line":62,"column":4},"end":{"line":62,"column":67}},"51":{"start":{"line":61,"column":13},"end":{"line":61,"column":37}}},"fnMap":{"0":{"name":"(anonymous_9)","decl":{"start":{"line":8,"column":23},"end":{"line":8,"column":28}},"loc":{"start":{"line":8,"column":62},"end":{"line":13,"column":1}}},"1":{"name":"(anonymous_10)","decl":{"start":{"line":15,"column":40},"end":{"line":15,"column":45}},"loc":{"start":{"line":15,"column":51},"end":{"line":17,"column":1}}},"2":{"name":"(anonymous_11)","decl":{"start":{"line":19,"column":24},"end":{"line":19,"column":29}},"loc":{"start":{"line":19,"column":87},"end":{"line":27,"column":1}}},"3":{"name":"(anonymous_12)","decl":{"start":{"line":25,"column":27},"end":{"line":25,"column":28}},"loc":{"start":{"line":25,"column":39},"end":{"line":25,"column":95}}},"4":{"name":"(anonymous_13)","decl":{"start":{"line":29,"column":27},"end":{"line":29,"column":32}},"loc":{"start":{"line":29,"column":78},"end":{"line":34,"column":1}}},"5":{"name":"(anonymous_14)","decl":{"start":{"line":31,"column":60},"end":{"line":31,"column":62}},"loc":{"start":{"line":31,"column":66},"end":{"line":31,"column":88}}},"6":{"name":"(anonymous_15)","decl":{"start":{"line":36,"column":27},"end":{"line":36,"column":32}},"loc":{"start":{"line":36,"column":73},"end":{"line":46,"column":1}}},"7":{"name":"(anonymous_16)","decl":{"start":{"line":42,"column":49},"end":{"line":42,"column":51}},"loc":{"start":{"line":42,"column":55},"end":{"line":42,"column":77}}},"8":{"name":"(anonymous_17)","decl":{"start":{"line":48,"column":31},"end":{"line":48,"column":36}},"loc":{"start":{"line":48,"column":52},"end":{"line":51,"column":1}}},"9":{"name":"(anonymous_18)","decl":{"start":{"line":53,"column":28},"end":{"line":53,"column":33}},"loc":{"start":{"line":53,"column":49},"end":{"line":55,"column":1}}},"10":{"name":"(anonymous_19)","decl":{"start":{"line":57,"column":32},"end":{"line":57,"column":37}},"loc":{"start":{"line":57,"column":76},"end":{"line":59,"column":1}}},"11":{"name":"(anonymous_20)","decl":{"start":{"line":61,"column":37},"end":{"line":61,"column":42}},"loc":{"start":{"line":61,"column":81},"end":{"line":63,"column":1}}}},"branchMap":{"0":{"loc":{"start":{"line":9,"column":4},"end":{"line":11,"column":5}},"type":"if","locations":[{"start":{"line":9,"column":4},"end":{"line":11,"column":5}},{"start":{},"end":{}}]},"1":{"loc":{"start":{"line":9,"column":8},"end":{"line":9,"column":46}},"type":"binary-expr","locations":[{"start":{"line":9,"column":8},"end":{"line":9,"column":24}},{"start":{"line":9,"column":28},"end":{"line":9,"column":46}}]},"2":{"loc":{"start":{"line":21,"column":4},"end":{"line":21,"column":28}},"type":"if","locations":[{"start":{"line":21,"column":4},"end":{"line":21,"column":28}},{"start":{},"end":{}}]},"3":{"loc":{"start":{"line":22,"column":4},"end":{"line":22,"column":70}},"type":"if","locations":[{"start":{"line":22,"column":4},"end":{"line":22,"column":70}},{"start":{},"end":{}}]},"4":{"loc":{"start":{"line":22,"column":8},"end":{"line":22,"column":55}},"type":"binary-expr","locations":[{"start":{"line":22,"column":8},"end":{"line":22,"column":13}},{"start":{"line":22,"column":17},"end":{"line":22,"column":33}},{"start":{"line":22,"column":37},"end":{"line":22,"column":55}}]},"5":{"loc":{"start":{"line":23,"column":21},"end":{"line":23,"column":82}},"type":"binary-expr","locations":[{"start":{"line":23,"column":21},"end":{"line":23,"column":56}},{"start":{"line":23,"column":60},"end":{"line":23,"column":82}}]},"6":{"loc":{"start":{"line":24,"column":21},"end":{"line":25,"column":96}},"type":"binary-expr","locations":[{"start":{"line":24,"column":21},"end":{"line":24,"column":49}},{"start":{"line":25,"column":8},"end":{"line":25,"column":96}}]},"7":{"loc":{"start":{"line":25,"column":40},"end":{"line":25,"column":73}},"type":"binary-expr","locations":[{"start":{"line":25,"column":40},"end":{"line":25,"column":57}},{"start":{"line":25,"column":61},"end":{"line":25,"column":73}}]},"8":{"loc":{"start":{"line":26,"column":11},"end":{"line":26,"column":34}},"type":"cond-expr","locations":[{"start":{"line":26,"column":22},"end":{"line":26,"column":27}},{"start":{"line":26,"column":30},"end":{"line":26,"column":34}}]},"9":{"loc":{"start":{"line":31,"column":22},"end":{"line":31,"column":94}},"type":"cond-expr","locations":[{"start":{"line":31,"column":40},"end":{"line":31,"column":89}},{"start":{"line":31,"column":92},"end":{"line":31,"column":94}}]},"10":{"loc":{"start":{"line":39,"column":4},"end":{"line":39,"column":70}},"type":"if","locations":[{"start":{"line":39,"column":4},"end":{"line":39,"column":70}},{"start":{},"end":{}}]},"11":{"loc":{"start":{"line":40,"column":4},"end":{"line":40,"column":88}},"type":"if","locations":[{"start":{"line":40,"column":4},"end":{"line":40,"column":88}},{"start":{},"end":{}}]},"12":{"loc":{"start":{"line":41,"column":4},"end":{"line":43,"column":5}},"type":"if","locations":[{"start":{"line":41,"column":4},"end":{"line":43,"column":5}},{"start":{},"end":{}}]}},"s":{"0":1,"1":1,"2":1,"3":1,"4":1,"5":1,"6":0,"7":1,"8":1,"9":0,"10":1,"11":1,"12":1,"13":1,"14":0,"15":1,"16":1,"17":0,"18":0,"19":0,"20":0,"21":1,"22":1,"23":1,"24":1,"25":0,"26":1,"27":1,"28":1,"29":1,"30":1,"31":1,"32":1,"33":0,"34":1,"35":0,"36":0,"37":1,"38":1,"39":1,"40":1,"41":1,"42":1,"43":1,"44":0,"45":1,"46":1,"47":0,"48":1,"49":1,"50":0,"51":1},"f":{"0":1,"1":0,"2":1,"3":0,"4":1,"5":0,"6":1,"7":0,"8":1,"9":0,"10":0,"11":0},"b":{"0":[1,0],"1":[1,0],"2":[0,1],"3":[1,0],"4":[1,1,0],"5":[0,0],"6":[0,0],"7":[0,0],"8":[0,0],"9":[0,1],"10":[1,0],"11":[0,1],"12":[0,1]}}
,"C:\\Users\\recko\\Desktop\\office task manager app\\backend\\src\\services\\task.service.ts": {"path":"C:\\Users\\recko\\Desktop\\office task manager app\\backend\\src\\services\\task.service.ts","statementMap":{"0":{"start":{"line":1,"column":0},"end":{"line":1,"column":43}},"1":{"start":{"line":2,"column":0},"end":{"line":2,"column":45}},"2":{"start":{"line":4,"column":0},"end":{"line":4,"column":40}},"3":{"start":{"line":6,"column":0},"end":{"line":6,"column":33}},"4":{"start":{"line":9,"column":23},"end":{"line":16,"column":1}},"5":{"start":{"line":10,"column":4},"end":{"line":12,"column":5}},"6":{"start":{"line":11,"column":8},"end":{"line":11,"column":39}},"7":{"start":{"line":13,"column":19},"end":{"line":13,"column":54}},"8":{"start":{"line":14,"column":21},"end":{"line":14,"column":50}},"9":{"start":{"line":14,"column":44},"end":{"line":14,"column":49}},"10":{"start":{"line":15,"column":4},"end":{"line":15,"column":50}},"11":{"start":{"line":9,"column":13},"end":{"line":9,"column":23}},"12":{"start":{"line":18,"column":40},"end":{"line":20,"column":1}},"13":{"start":{"line":19,"column":4},"end":{"line":19,"column":52}},"14":{"start":{"line":18,"column":13},"end":{"line":18,"column":40}},"15":{"start":{"line":22,"column":24},"end":{"line":28,"column":1}},"16":{"start":{"line":23,"column":17},"end":{"line":23,"column":43}},"17":{"start":{"line":24,"column":4},"end":{"line":24,"column":27}},"18":{"start":{"line":24,"column":15},"end":{"line":24,"column":27}},"19":{"start":{"line":25,"column":4},"end":{"line":25,"column":69}},"20":{"start":{"line":25,"column":57},"end":{"line":25,"column":69}},"21":{"start":{"line":26,"column":24},"end":{"line":26,"column":93}},"22":{"start":{"line":27,"column":4},"end":{"line":27,"column":57}},"23":{"start":{"line":22,"column":13},"end":{"line":22,"column":24}},"24":{"start":{"line":30,"column":26},"end":{"line":48,"column":1}},"25":{"start":{"line":31,"column":20},"end":{"line":31,"column":53}},"26":{"start":{"line":32,"column":25},"end":{"line":32,"column":63}},"27":{"start":{"line":33,"column":25},"end":{"line":33,"column":63}},"28":{"start":{"line":35,"column":21},"end":{"line":35,"column":93}},"29":{"start":{"line":36,"column":4},"end":{"line":36,"column":63}},"30":{"start":{"line":36,"column":19},"end":{"line":36,"column":63}},"31":{"start":{"line":37,"column":27},"end":{"line":37,"column":67}},"32":{"start":{"line":38,"column":4},"end":{"line":40,"column":5}},"33":{"start":{"line":39,"column":8},"end":{"line":39,"column":68}},"34":{"start":{"line":42,"column":4},"end":{"line":47,"column":7}},"35":{"start":{"line":30,"column":13},"end":{"line":30,"column":26}},"36":{"start":{"line":50,"column":26},"end":{"line":62,"column":1}},"37":{"start":{"line":51,"column":39},"end":{"line":51,"column":41}},"38":{"start":{"line":53,"column":4},"end":{"line":53,"column":70}},"39":{"start":{"line":53,"column":37},"end":{"line":53,"column":70}},"40":{"start":{"line":54,"column":4},"end":{"line":54,"column":88}},"41":{"start":{"line":54,"column":43},"end":{"line":54,"column":88}},"42":{"start":{"line":55,"column":4},"end":{"line":55,"column":73}},"43":{"start":{"line":55,"column":38},"end":{"line":55,"column":73}},"44":{"start":{"line":56,"column":4},"end":{"line":56,"column":76}},"45":{"start":{"line":56,"column":39},"end":{"line":56,"column":76}},"46":{"start":{"line":57,"column":4},"end":{"line":57,"column":90}},"47":{"start":{"line":57,"column":37},"end":{"line":57,"column":90}},"48":{"start":{"line":58,"column":4},"end":{"line":58,"column":105}},"49":{"start":{"line":58,"column":42},"end":{"line":58,"column":105}},"50":{"start":{"line":59,"column":4},"end":{"line":59,"column":105}},"51":{"start":{"line":59,"column":42},"end":{"line":59,"column":105}},"52":{"start":{"line":61,"column":4},"end":{"line":61,"column":52}},"53":{"start":{"line":50,"column":13},"end":{"line":50,"column":26}},"54":{"start":{"line":64,"column":30},"end":{"line":66,"column":1}},"55":{"start":{"line":65,"column":4},"end":{"line":65,"column":44}},"56":{"start":{"line":64,"column":13},"end":{"line":64,"column":30}},"57":{"start":{"line":68,"column":27},"end":{"line":70,"column":1}},"58":{"start":{"line":69,"column":4},"end":{"line":69,"column":41}},"59":{"start":{"line":68,"column":13},"end":{"line":68,"column":27}},"60":{"start":{"line":72,"column":27},"end":{"line":83,"column":1}},"61":{"start":{"line":73,"column":4},"end":{"line":75,"column":5}},"62":{"start":{"line":74,"column":8},"end":{"line":74,"column":50}},"63":{"start":{"line":76,"column":18},"end":{"line":76,"column":50}},"64":{"start":{"line":77,"column":4},"end":{"line":77,"column":28}},"65":{"start":{"line":77,"column":16},"end":{"line":77,"column":28}},"66":{"start":{"line":78,"column":21},"end":{"line":78,"column":82}},"67":{"start":{"line":79,"column":21},"end":{"line":80,"column":96}},"68":{"start":{"line":80,"column":39},"end":{"line":80,"column":95}},"69":{"start":{"line":81,"column":4},"end":{"line":81,"column":31}},"70":{"start":{"line":81,"column":19},"end":{"line":81,"column":31}},"71":{"start":{"line":82,"column":4},"end":{"line":82,"column":46}},"72":{"start":{"line":72,"column":13},"end":{"line":72,"column":27}},"73":{"start":{"line":85,"column":30},"end":{"line":87,"column":1}},"74":{"start":{"line":86,"column":4},"end":{"line":86,"column":48}},"75":{"start":{"line":85,"column":13},"end":{"line":85,"column":30}},"76":{"start":{"line":89,"column":32},"end":{"line":91,"column":1}},"77":{"start":{"line":90,"column":4},"end":{"line":90,"column":54}},"78":{"start":{"line":89,"column":13},"end":{"line":89,"column":32}}},"fnMap":{"0":{"name":"(anonymous_10)","decl":{"start":{"line":9,"column":23},"end":{"line":9,"column":28}},"loc":{"start":{"line":9,"column":62},"end":{"line":16,"column":1}}},"1":{"name":"(anonymous_11)","decl":{"start":{"line":14,"column":32},"end":{"line":14,"column":33}},"loc":{"start":{"line":14,"column":44},"end":{"line":14,"column":49}}},"2":{"name":"(anonymous_12)","decl":{"start":{"line":18,"column":40},"end":{"line":18,"column":45}},"loc":{"start":{"line":18,"column":51},"end":{"line":20,"column":1}}},"3":{"name":"(anonymous_13)","decl":{"start":{"line":22,"column":24},"end":{"line":22,"column":29}},"loc":{"start":{"line":22,"column":87},"end":{"line":28,"column":1}}},"4":{"name":"(anonymous_14)","decl":{"start":{"line":30,"column":26},"end":{"line":30,"column":31}},"loc":{"start":{"line":30,"column":59},"end":{"line":48,"column":1}}},"5":{"name":"(anonymous_15)","decl":{"start":{"line":50,"column":26},"end":{"line":50,"column":31}},"loc":{"start":{"line":50,"column":71},"end":{"line":62,"column":1}}},"6":{"name":"(anonymous_16)","decl":{"start":{"line":64,"column":30},"end":{"line":64,"column":35}},"loc":{"start":{"line":64,"column":51},"end":{"line":66,"column":1}}},"7":{"name":"(anonymous_17)","decl":{"start":{"line":68,"column":27},"end":{"line":68,"column":32}},"loc":{"start":{"line":68,"column":48},"end":{"line":70,"column":1}}},"8":{"name":"(anonymous_18)","decl":{"start":{"line":72,"column":27},"end":{"line":72,"column":32}},"loc":{"start":{"line":72,"column":95},"end":{"line":83,"column":1}}},"9":{"name":"(anonymous_19)","decl":{"start":{"line":80,"column":27},"end":{"line":80,"column":28}},"loc":{"start":{"line":80,"column":39},"end":{"line":80,"column":95}}},"10":{"name":"(anonymous_20)","decl":{"start":{"line":85,"column":30},"end":{"line":85,"column":35}},"loc":{"start":{"line":85,"column":55},"end":{"line":87,"column":1}}},"11":{"name":"(anonymous_21)","decl":{"start":{"line":89,"column":32},"end":{"line":89,"column":37}},"loc":{"start":{"line":89,"column":73},"end":{"line":91,"column":1}}}},"branchMap":{"0":{"loc":{"start":{"line":10,"column":4},"end":{"line":12,"column":5}},"type":"if","locations":[{"start":{"line":10,"column":4},"end":{"line":12,"column":5}},{"start":{},"end":{}}]},"1":{"loc":{"start":{"line":10,"column":8},"end":{"line":10,"column":46}},"type":"binary-expr","locations":[{"start":{"line":10,"column":8},"end":{"line":10,"column":24}},{"start":{"line":10,"column":28},"end":{"line":10,"column":46}}]},"2":{"loc":{"start":{"line":24,"column":4},"end":{"line":24,"column":27}},"type":"if","locations":[{"start":{"line":24,"column":4},"end":{"line":24,"column":27}},{"start":{},"end":{}}]},"3":{"loc":{"start":{"line":25,"column":4},"end":{"line":25,"column":69}},"type":"if","locations":[{"start":{"line":25,"column":4},"end":{"line":25,"column":69}},{"start":{},"end":{}}]},"4":{"loc":{"start":{"line":25,"column":8},"end":{"line":25,"column":55}},"type":"binary-expr","locations":[{"start":{"line":25,"column":8},"end":{"line":25,"column":13}},{"start":{"line":25,"column":17},"end":{"line":25,"column":33}},{"start":{"line":25,"column":37},"end":{"line":25,"column":55}}]},"5":{"loc":{"start":{"line":26,"column":24},"end":{"line":26,"column":93}},"type":"binary-expr","locations":[{"start":{"line":26,"column":24},"end":{"line":26,"column":63}},{"start":{"line":26,"column":67},"end":{"line":26,"column":93}}]},"6":{"loc":{"start":{"line":27,"column":11},"end":{"line":27,"column":56}},"type":"cond-expr","locations":[{"start":{"line":27,"column":45},"end":{"line":27,"column":49}},{"start":{"line":27,"column":52},"end":{"line":27,"column":56}}]},"7":{"loc":{"start":{"line":36,"column":4},"end":{"line":36,"column":63}},"type":"if","locations":[{"start":{"line":36,"column":4},"end":{"line":36,"column":63}},{"start":{},"end":{}}]},"8":{"loc":{"start":{"line":38,"column":4},"end":{"line":40,"column":5}},"type":"if","locations":[{"start":{"line":38,"column":4},"end":{"line":40,"column":5}},{"start":{},"end":{}}]},"9":{"loc":{"start":{"line":38,"column":8},"end":{"line":38,"column":62}},"type":"binary-expr","locations":[{"start":{"line":38,"column":8},"end":{"line":38,"column":32}},{"start":{"line":38,"column":36},"end":{"line":38,"column":62}}]},"10":{"loc":{"start":{"line":53,"column":4},"end":{"line":53,"column":70}},"type":"if","locations":[{"start":{"line":53,"column":4},"end":{"line":53,"column":70}},{"start":{},"end":{}}]},"11":{"loc":{"start":{"line":54,"column":4},"end":{"line":54,"column":88}},"type":"if","locations":[{"start":{"line":54,"column":4},"end":{"line":54,"column":88}},{"start":{},"end":{}}]},"12":{"loc":{"start":{"line":55,"column":4},"end":{"line":55,"column":73}},"type":"if","locations":[{"start":{"line":55,"column":4},"end":{"line":55,"column":73}},{"start":{},"end":{}}]},"13":{"loc":{"start":{"line":56,"column":4},"end":{"line":56,"column":76}},"type":"if","locations":[{"start":{"line":56,"column":4},"end":{"line":56,"column":76}},{"start":{},"end":{}}]},"14":{"loc":{"start":{"line":57,"column":4},"end":{"line":57,"column":90}},"type":"if","locations":[{"start":{"line":57,"column":4},"end":{"line":57,"column":90}},{"start":{},"end":{}}]},"15":{"loc":{"start":{"line":58,"column":4},"end":{"line":58,"column":105}},"type":"if","locations":[{"start":{"line":58,"column":4},"end":{"line":58,"column":105}},{"start":{},"end":{}}]},"16":{"loc":{"start":{"line":59,"column":4},"end":{"line":59,"column":105}},"type":"if","locations":[{"start":{"line":59,"column":4},"end":{"line":59,"column":105}},{"start":{},"end":{}}]},"17":{"loc":{"start":{"line":73,"column":4},"end":{"line":75,"column":5}},"type":"if","locations":[{"start":{"line":73,"column":4},"end":{"line":75,"column":5}},{"start":{},"end":{}}]},"18":{"loc":{"start":{"line":73,"column":8},"end":{"line":73,"column":55}},"type":"binary-expr","locations":[{"start":{"line":73,"column":8},"end":{"line":73,"column":13}},{"start":{"line":73,"column":17},"end":{"line":73,"column":33}},{"start":{"line":73,"column":37},"end":{"line":73,"column":55}}]},"19":{"loc":{"start":{"line":77,"column":4},"end":{"line":77,"column":28}},"type":"if","locations":[{"start":{"line":77,"column":4},"end":{"line":77,"column":28}},{"start":{},"end":{}}]},"20":{"loc":{"start":{"line":78,"column":21},"end":{"line":78,"column":82}},"type":"binary-expr","locations":[{"start":{"line":78,"column":21},"end":{"line":78,"column":56}},{"start":{"line":78,"column":60},"end":{"line":78,"column":82}}]},"21":{"loc":{"start":{"line":79,"column":21},"end":{"line":80,"column":96}},"type":"binary-expr","locations":[{"start":{"line":79,"column":21},"end":{"line":79,"column":49}},{"start":{"line":80,"column":8},"end":{"line":80,"column":96}}]},"22":{"loc":{"start":{"line":80,"column":40},"end":{"line":80,"column":73}},"type":"binary-expr","locations":[{"start":{"line":80,"column":40},"end":{"line":80,"column":57}},{"start":{"line":80,"column":61},"end":{"line":80,"column":73}}]},"23":{"loc":{"start":{"line":81,"column":4},"end":{"line":81,"column":31}},"type":"if","locations":[{"start":{"line":81,"column":4},"end":{"line":81,"column":31}},{"start":{},"end":{}}]}},"s":{"0":1,"1":1,"2":1,"3":1,"4":1,"5":1,"6":1,"7":0,"8":0,"9":0,"10":0,"11":1,"12":1,"13":0,"14":1,"15":1,"16":1,"17":1,"18":0,"19":1,"20":1,"21":0,"22":0,"23":1,"24":1,"25":1,"26":1,"27":1,"28":1,"29":1,"30":0,"31":1,"32":1,"33":0,"34":1,"35":1,"36":1,"37":1,"38":1,"39":1,"40":1,"41":0,"42":1,"43":0,"44":1,"45":0,"46":1,"47":1,"48":1,"49":1,"50":1,"51":1,"52":1,"53":1,"54":1,"55":1,"56":1,"57":1,"58":0,"59":1,"60":1,"61":0,"62":0,"63":0,"64":0,"65":0,"66":0,"67":0,"68":0,"69":0,"70":0,"71":0,"72":1,"73":1,"74":0,"75":1,"76":1,"77":0,"78":1},"f":{"0":1,"1":0,"2":0,"3":1,"4":1,"5":1,"6":1,"7":0,"8":0,"9":0,"10":0,"11":0},"b":{"0":[1,0],"1":[1,0],"2":[0,1],"3":[1,0],"4":[1,1,0],"5":[0,0],"6":[0,0],"7":[0,1],"8":[0,1],"9":[1,1],"10":[1,0],"11":[0,1],"12":[0,1],"13":[0,1],"14":[1,0],"15":[1,0],"16":[1,0],"17":[0,0],"18":[0,0,0],"19":[0,0],"20":[0,0],"21":[0,0],"22":[0,0],"23":[0,0]}}
,"C:\\Users\\recko\\Desktop\\office task manager app\\backend\\src\\services\\user.service.ts": {"path":"C:\\Users\\recko\\Desktop\\office task manager app\\backend\\src\\services\\user.service.ts","statementMap":{"0":{"start":{"line":1,"column":0},"end":{"line":1,"column":43}},"1":{"start":{"line":3,"column":0},"end":{"line":3,"column":33}},"2":{"start":{"line":6,"column":25},"end":{"line":8,"column":1}},"3":{"start":{"line":7,"column":4},"end":{"line":7,"column":35}},"4":{"start":{"line":6,"column":13},"end":{"line":6,"column":25}},"5":{"start":{"line":10,"column":28},"end":{"line":12,"column":1}},"6":{"start":{"line":11,"column":4},"end":{"line":11,"column":38}},"7":{"start":{"line":10,"column":13},"end":{"line":10,"column":28}},"8":{"start":{"line":14,"column":31},"end":{"line":16,"column":1}},"9":{"start":{"line":15,"column":4},"end":{"line":15,"column":44}},"10":{"start":{"line":14,"column":13},"end":{"line":14,"column":31}},"11":{"start":{"line":18,"column":34},"end":{"line":20,"column":1}},"12":{"start":{"line":19,"column":4},"end":{"line":19,"column":50}},"13":{"start":{"line":18,"column":13},"end":{"line":18,"column":34}},"14":{"start":{"line":22,"column":26},"end":{"line":27,"column":1}},"15":{"start":{"line":23,"column":19},"end":{"line":23,"column":51}},"16":{"start":{"line":24,"column":21},"end":{"line":24,"column":54}},"17":{"start":{"line":26,"column":4},"end":{"line":26,"column":76}},"18":{"start":{"line":22,"column":13},"end":{"line":22,"column":26}},"19":{"start":{"line":29,"column":26},"end":{"line":45,"column":1}},"20":{"start":{"line":30,"column":39},"end":{"line":30,"column":41}},"21":{"start":{"line":32,"column":4},"end":{"line":32,"column":82}},"22":{"start":{"line":32,"column":41},"end":{"line":32,"column":82}},"23":{"start":{"line":33,"column":4},"end":{"line":33,"column":79}},"24":{"start":{"line":33,"column":40},"end":{"line":33,"column":79}},"25":{"start":{"line":34,"column":4},"end":{"line":34,"column":70}},"26":{"start":{"line":34,"column":37},"end":{"line":34,"column":70}},"27":{"start":{"line":35,"column":4},"end":{"line":35,"column":79}},"28":{"start":{"line":35,"column":40},"end":{"line":35,"column":79}},"29":{"start":{"line":36,"column":4},"end":{"line":36,"column":85}},"30":{"start":{"line":36,"column":42},"end":{"line":36,"column":85}},"31":{"start":{"line":37,"column":4},"end":{"line":37,"column":79}},"32":{"start":{"line":37,"column":40},"end":{"line":37,"column":79}},"33":{"start":{"line":38,"column":4},"end":{"line":38,"column":79}},"34":{"start":{"line":38,"column":40},"end":{"line":38,"column":79}},"35":{"start":{"line":40,"column":4},"end":{"line":42,"column":5}},"36":{"start":{"line":41,"column":8},"end":{"line":41,"column":59}},"37":{"start":{"line":44,"column":4},"end":{"line":44,"column":52}},"38":{"start":{"line":29,"column":13},"end":{"line":29,"column":26}},"39":{"start":{"line":47,"column":30},"end":{"line":49,"column":1}},"40":{"start":{"line":48,"column":4},"end":{"line":48,"column":44}},"41":{"start":{"line":47,"column":13},"end":{"line":47,"column":30}},"42":{"start":{"line":51,"column":27},"end":{"line":53,"column":1}},"43":{"start":{"line":52,"column":4},"end":{"line":52,"column":41}},"44":{"start":{"line":51,"column":13},"end":{"line":51,"column":27}}},"fnMap":{"0":{"name":"(anonymous_9)","decl":{"start":{"line":6,"column":25},"end":{"line":6,"column":30}},"loc":{"start":{"line":6,"column":36},"end":{"line":8,"column":1}}},"1":{"name":"(anonymous_10)","decl":{"start":{"line":10,"column":28},"end":{"line":10,"column":33}},"loc":{"start":{"line":10,"column":49},"end":{"line":12,"column":1}}},"2":{"name":"(anonymous_11)","decl":{"start":{"line":14,"column":31},"end":{"line":14,"column":36}},"loc":{"start":{"line":14,"column":55},"end":{"line":16,"column":1}}},"3":{"name":"(anonymous_12)","decl":{"start":{"line":18,"column":34},"end":{"line":18,"column":39}},"loc":{"start":{"line":18,"column":61},"end":{"line":20,"column":1}}},"4":{"name":"(anonymous_13)","decl":{"start":{"line":22,"column":26},"end":{"line":22,"column":31}},"loc":{"start":{"line":22,"column":59},"end":{"line":27,"column":1}}},"5":{"name":"(anonymous_14)","decl":{"start":{"line":29,"column":26},"end":{"line":29,"column":31}},"loc":{"start":{"line":29,"column":71},"end":{"line":45,"column":1}}},"6":{"name":"(anonymous_15)","decl":{"start":{"line":47,"column":30},"end":{"line":47,"column":35}},"loc":{"start":{"line":47,"column":51},"end":{"line":49,"column":1}}},"7":{"name":"(anonymous_16)","decl":{"start":{"line":51,"column":27},"end":{"line":51,"column":32}},"loc":{"start":{"line":51,"column":48},"end":{"line":53,"column":1}}}},"branchMap":{"0":{"loc":{"start":{"line":24,"column":21},"end":{"line":24,"column":54}},"type":"binary-expr","locations":[{"start":{"line":24,"column":21},"end":{"line":24,"column":37}},{"start":{"line":24,"column":41},"end":{"line":24,"column":54}}]},"1":{"loc":{"start":{"line":32,"column":4},"end":{"line":32,"column":82}},"type":"if","locations":[{"start":{"line":32,"column":4},"end":{"line":32,"column":82}},{"start":{},"end":{}}]},"2":{"loc":{"start":{"line":33,"column":4},"end":{"line":33,"column":79}},"type":"if","locations":[{"start":{"line":33,"column":4},"end":{"line":33,"column":79}},{"start":{},"end":{}}]},"3":{"loc":{"start":{"line":34,"column":4},"end":{"line":34,"column":70}},"type":"if","locations":[{"start":{"line":34,"column":4},"end":{"line":34,"column":70}},{"start":{},"end":{}}]},"4":{"loc":{"start":{"line":35,"column":4},"end":{"line":35,"column":79}},"type":"if","locations":[{"start":{"line":35,"column":4},"end":{"line":35,"column":79}},{"start":{},"end":{}}]},"5":{"loc":{"start":{"line":36,"column":4},"end":{"line":36,"column":85}},"type":"if","locations":[{"start":{"line":36,"column":4},"end":{"line":36,"column":85}},{"start":{},"end":{}}]},"6":{"loc":{"start":{"line":37,"column":4},"end":{"line":37,"column":79}},"type":"if","locations":[{"start":{"line":37,"column":4},"end":{"line":37,"column":79}},{"start":{},"end":{}}]},"7":{"loc":{"start":{"line":38,"column":4},"end":{"line":38,"column":79}},"type":"if","locations":[{"start":{"line":38,"column":4},"end":{"line":38,"column":79}},{"start":{},"end":{}}]},"8":{"loc":{"start":{"line":40,"column":4},"end":{"line":42,"column":5}},"type":"if","locations":[{"start":{"line":40,"column":4},"end":{"line":42,"column":5}},{"start":{},"end":{}}]}},"s":{"0":1,"1":1,"2":1,"3":1,"4":1,"5":1,"6":2,"7":1,"8":1,"9":0,"10":1,"11":1,"12":0,"13":1,"14":1,"15":1,"16":1,"17":1,"18":1,"19":1,"20":1,"21":1,"22":1,"23":1,"24":0,"25":1,"26":0,"27":1,"28":0,"29":1,"30":0,"31":1,"32":0,"33":1,"34":0,"35":1,"36":0,"37":1,"38":1,"39":1,"40":1,"41":1,"42":1,"43":0,"44":1},"f":{"0":1,"1":2,"2":0,"3":0,"4":1,"5":1,"6":1,"7":0},"b":{"0":[1,0],"1":[1,0],"2":[0,1],"3":[0,1],"4":[0,1],"5":[0,1],"6":[0,1],"7":[0,1],"8":[0,1]}}
,"C:\\Users\\recko\\Desktop\\office task manager app\\backend\\src\\validators\\board.validator.ts": {"path":"C:\\Users\\recko\\Desktop\\office task manager app\\backend\\src\\validators\\board.validator.ts","statementMap":{"0":{"start":{"line":1,"column":0},"end":{"line":1,"column":24}},"1":{"start":{"line":3,"column":13},"end":{"line":10,"column":null}},"2":{"start":{"line":12,"column":13},"end":{"line":12,"column":61}}},"fnMap":{},"branchMap":{},"s":{"0":1,"1":1,"2":1},"f":{},"b":{}}
,"C:\\Users\\recko\\Desktop\\office task manager app\\backend\\src\\validators\\task.validator.ts": {"path":"C:\\Users\\recko\\Desktop\\office task manager app\\backend\\src\\validators\\task.validator.ts","statementMap":{"0":{"start":{"line":1,"column":0},"end":{"line":1,"column":24}},"1":{"start":{"line":3,"column":13},"end":{"line":3,"column":74}},"2":{"start":{"line":5,"column":13},"end":{"line":12,"column":3}},"3":{"start":{"line":14,"column":13},"end":{"line":14,"column":59}},"4":{"start":{"line":16,"column":13},"end":{"line":18,"column":3}}},"fnMap":{},"branchMap":{},"s":{"0":1,"1":1,"2":1,"3":1,"4":1},"f":{},"b":{}}
,"C:\\Users\\recko\\Desktop\\office task manager app\\backend\\src\\validators\\user.validator.ts": {"path":"C:\\Users\\recko\\Desktop\\office task manager app\\backend\\src\\validators\\user.validator.ts","statementMap":{"0":{"start":{"line":1,"column":0},"end":{"line":1,"column":24}},"1":{"start":{"line":3,"column":13},"end":{"line":3,"column":100}},"2":{"start":{"line":5,"column":13},"end":{"line":15,"column":15}},"3":{"start":{"line":17,"column":13},"end":{"line":25,"column":null}},"4":{"start":{"line":27,"column":13},"end":{"line":27,"column":59}}},"fnMap":{},"branchMap":{},"s":{"0":1,"1":1,"2":1,"3":1,"4":1},"f":{},"b":{}}
}
