TN:
SF:src\controller\board.controller.ts
FN:6,(anonymous_9)
FN:16,(anonymous_10)
FN:31,(anonymous_11)
FN:40,(anonymous_12)
FN:50,(anonymous_13)
FN:62,(anonymous_14)
FN:74,(anonymous_15)
FN:85,(anonymous_16)
FN:99,(anonymous_17)
FNF:9
FNH:9
FNDA:3,(anonymous_9)
FNDA:3,(anonymous_10)
FNDA:1,(anonymous_11)
FNDA:2,(anonymous_12)
FNDA:2,(anonymous_13)
FNDA:2,(anonymous_14)
FNDA:1,(anonymous_15)
FNDA:1,(anonymous_16)
FNDA:1,(anonymous_17)
DA:2,2
DA:4,2
DA:6,2
DA:7,3
DA:8,3
DA:9,3
DA:10,2
DA:12,2
DA:16,2
DA:17,3
DA:18,3
DA:19,3
DA:20,3
DA:21,3
DA:22,3
DA:23,1
DA:25,2
DA:27,1
DA:31,2
DA:32,1
DA:33,1
DA:34,1
DA:36,1
DA:40,2
DA:41,2
DA:42,2
DA:43,2
DA:44,2
DA:46,1
DA:50,2
DA:51,2
DA:52,2
DA:53,2
DA:54,2
DA:55,2
DA:56,2
DA:58,1
DA:62,2
DA:63,2
DA:64,2
DA:65,2
DA:66,2
DA:67,2
DA:69,0
DA:74,2
DA:75,1
DA:76,1
DA:77,1
DA:78,1
DA:79,1
DA:81,1
DA:85,2
DA:86,1
DA:87,1
DA:88,1
DA:89,1
DA:90,0
DA:92,1
DA:93,1
DA:95,1
DA:99,2
DA:100,1
DA:101,1
DA:102,1
DA:103,1
DA:104,0
DA:106,1
DA:107,1
DA:109,1
LF:69
LH:66
BRDA:20,0,0,0
BRDA:20,0,1,3
BRDA:22,1,0,1
BRDA:22,1,1,2
BRDA:53,2,0,0
BRDA:53,2,1,2
BRDA:65,3,0,0
BRDA:65,3,1,2
BRDA:77,4,0,0
BRDA:77,4,1,1
BRDA:89,5,0,0
BRDA:89,5,1,1
BRDA:89,6,0,1
BRDA:89,6,1,1
BRDA:103,7,0,0
BRDA:103,7,1,1
BRDA:103,8,0,1
BRDA:103,8,1,1
BRF:18
BRH:12
end_of_record
TN:
SF:src\controller\task.controller.ts
FN:6,(anonymous_9)
FN:16,(anonymous_10)
FN:25,(anonymous_11)
FN:40,(anonymous_12)
FN:50,(anonymous_13)
FN:62,(anonymous_14)
FN:73,(anonymous_15)
FN:84,(anonymous_16)
FN:98,(anonymous_17)
FN:113,(anonymous_18)
FNF:10
FNH:10
FNDA:3,(anonymous_9)
FNDA:1,(anonymous_10)
FNDA:3,(anonymous_11)
FNDA:2,(anonymous_12)
FNDA:2,(anonymous_13)
FNDA:2,(anonymous_14)
FNDA:1,(anonymous_15)
FNDA:2,(anonymous_16)
FNDA:2,(anonymous_17)
FNDA:2,(anonymous_18)
DA:2,2
DA:4,2
DA:6,2
DA:7,3
DA:8,3
DA:9,3
DA:10,2
DA:12,2
DA:16,2
DA:17,1
DA:18,1
DA:19,1
DA:21,1
DA:25,2
DA:26,3
DA:27,3
DA:28,3
DA:29,3
DA:30,3
DA:31,3
DA:32,1
DA:34,2
DA:36,1
DA:40,2
DA:41,2
DA:42,2
DA:43,2
DA:44,2
DA:46,1
DA:50,2
DA:51,2
DA:52,2
DA:53,2
DA:54,2
DA:55,2
DA:56,2
DA:58,1
DA:62,2
DA:63,2
DA:64,2
DA:65,2
DA:66,2
DA:67,2
DA:69,1
DA:73,2
DA:74,1
DA:75,1
DA:76,1
DA:77,1
DA:78,1
DA:80,1
DA:84,2
DA:85,2
DA:86,2
DA:87,2
DA:88,2
DA:89,2
DA:90,2
DA:91,1
DA:93,1
DA:98,2
DA:99,2
DA:100,2
DA:101,2
DA:102,2
DA:103,2
DA:104,1
DA:106,1
DA:107,1
DA:109,1
DA:113,2
DA:114,2
DA:115,2
DA:116,2
DA:117,2
DA:118,2
DA:119,1
DA:120,1
DA:122,1
DA:123,1
DA:124,1
DA:126,1
LF:82
LH:82
BRDA:29,0,0,0
BRDA:29,0,1,3
BRDA:31,1,0,1
BRDA:31,1,1,2
BRDA:53,2,0,0
BRDA:53,2,1,2
BRDA:65,3,0,0
BRDA:65,3,1,2
BRDA:76,4,0,0
BRDA:76,4,1,1
BRDA:88,5,0,0
BRDA:88,5,1,2
BRDA:90,6,0,1
BRDA:90,6,1,1
BRDA:102,7,0,0
BRDA:102,7,1,2
BRDA:103,8,0,1
BRDA:103,8,1,1
BRDA:103,9,0,2
BRDA:103,9,1,1
BRDA:117,10,0,0
BRDA:117,10,1,2
BRDA:118,11,0,1
BRDA:118,11,1,1
BRDA:120,12,0,1
BRDA:120,12,1,0
BRF:26
BRH:18
end_of_record
TN:
SF:src\controller\user.controller.ts
FN:7,(anonymous_9)
FN:16,(anonymous_10)
FN:30,(anonymous_11)
FN:44,(anonymous_12)
FN:58,(anonymous_13)
FN:68,(anonymous_14)
FN:83,(anonymous_15)
FN:97,(anonymous_16)
FN:106,(anonymous_17)
FNF:9
FNH:9
FNDA:3,(anonymous_9)
FNDA:4,(anonymous_10)
FNDA:2,(anonymous_11)
FNDA:2,(anonymous_12)
FNDA:2,(anonymous_13)
FNDA:3,(anonymous_14)
FNDA:3,(anonymous_15)
FNDA:1,(anonymous_16)
FNDA:2,(anonymous_17)
DA:2,2
DA:4,2
DA:7,2
DA:8,3
DA:9,3
DA:10,2
DA:12,1
DA:16,2
DA:17,4
DA:18,4
DA:19,4
DA:20,4
DA:21,4
DA:22,2
DA:24,2
DA:26,0
DA:30,2
DA:31,2
DA:32,2
DA:33,2
DA:34,2
DA:35,2
DA:36,1
DA:38,1
DA:40,0
DA:44,2
DA:45,2
DA:46,2
DA:47,2
DA:48,2
DA:49,2
DA:50,1
DA:52,1
DA:54,0
DA:58,2
DA:59,2
DA:60,2
DA:61,2
DA:62,2
DA:64,0
DA:68,2
DA:69,3
DA:70,3
DA:71,3
DA:72,3
DA:73,3
DA:74,3
DA:75,1
DA:77,2
DA:79,0
DA:83,2
DA:84,3
DA:85,3
DA:86,3
DA:87,3
DA:88,3
DA:89,2
DA:91,0
DA:97,2
DA:98,1
DA:99,1
DA:100,1
DA:102,0
DA:106,2
DA:107,2
DA:108,2
DA:109,2
DA:110,2
DA:111,2
DA:112,1
DA:114,0
LF:71
LH:63
BRDA:19,0,0,0
BRDA:19,0,1,4
BRDA:21,1,0,2
BRDA:21,1,1,2
BRDA:33,2,0,0
BRDA:33,2,1,2
BRDA:35,3,0,1
BRDA:35,3,1,1
BRDA:47,4,0,0
BRDA:47,4,1,2
BRDA:49,5,0,1
BRDA:49,5,1,1
BRDA:71,6,0,0
BRDA:71,6,1,3
BRDA:74,7,0,1
BRDA:74,7,1,2
BRDA:86,8,0,0
BRDA:86,8,1,3
BRDA:88,9,0,1
BRDA:88,9,1,2
BRDA:109,10,0,0
BRDA:109,10,1,2
BRDA:111,11,0,1
BRDA:111,11,1,1
BRF:24
BRH:18
end_of_record
TN:
SF:src\dao\board.dao.ts
FN:4,(anonymous_1)
FN:14,(anonymous_2)
FN:19,(anonymous_3)
FN:25,(anonymous_4)
FN:32,(anonymous_5)
FN:38,(anonymous_6)
FN:44,(anonymous_7)
FN:51,(anonymous_8)
FN:57,(anonymous_9)
FN:63,(anonymous_10)
FNF:10
FNH:5
FNDA:1,(anonymous_1)
FNDA:0,(anonymous_2)
FNDA:1,(anonymous_3)
FNDA:1,(anonymous_4)
FNDA:1,(anonymous_5)
FNDA:1,(anonymous_6)
FNDA:0,(anonymous_7)
FNDA:0,(anonymous_8)
FNDA:0,(anonymous_9)
FNDA:0,(anonymous_10)
DA:1,6
DA:2,6
DA:4,6
DA:5,1
DA:14,6
DA:15,0
DA:19,6
DA:20,1
DA:25,6
DA:26,1
DA:27,1
DA:28,1
DA:32,6
DA:33,1
DA:38,6
DA:39,1
DA:44,6
DA:45,0
DA:51,6
DA:52,0
DA:57,6
DA:58,0
DA:63,6
DA:64,0
LF:24
LH:19
BRF:0
BRH:0
end_of_record
TN:
SF:src\dao\task.dao.ts
FN:12,(anonymous_1)
FN:18,(anonymous_2)
FN:27,(anonymous_3)
FN:35,(anonymous_4)
FN:43,(anonymous_5)
FN:53,(anonymous_6)
FN:62,(anonymous_7)
FN:70,(anonymous_8)
FN:78,(anonymous_9)
FN:86,(anonymous_10)
FN:94,(anonymous_11)
FN:102,(anonymous_12)
FN:106,(anonymous_13)
FNF:13
FNH:7
FNDA:10,(anonymous_1)
FNDA:1,(anonymous_2)
FNDA:0,(anonymous_3)
FNDA:1,(anonymous_4)
FNDA:1,(anonymous_5)
FNDA:1,(anonymous_6)
FNDA:1,(anonymous_7)
FNDA:0,(anonymous_8)
FNDA:0,(anonymous_9)
FNDA:0,(anonymous_10)
FNDA:0,(anonymous_11)
FNDA:1,(anonymous_12)
FNDA:0,(anonymous_13)
DA:1,6
DA:4,6
DA:12,10
DA:18,6
DA:19,1
DA:27,6
DA:28,0
DA:35,6
DA:36,1
DA:43,6
DA:44,1
DA:45,1
DA:46,1
DA:53,6
DA:54,1
DA:62,6
DA:63,1
DA:70,6
DA:71,0
DA:78,6
DA:79,0
DA:86,6
DA:87,0
DA:94,6
DA:95,0
DA:102,6
DA:103,1
DA:106,6
DA:107,0
LF:29
LH:23
BRF:0
BRH:0
end_of_record
TN:
SF:src\dao\user.dao.ts
FN:3,(anonymous_1)
FN:7,(anonymous_2)
FN:11,(anonymous_3)
FN:15,(anonymous_4)
FN:19,(anonymous_5)
FN:24,(anonymous_6)
FN:28,(anonymous_7)
FN:36,(anonymous_8)
FNF:8
FNH:5
FNDA:1,(anonymous_1)
FNDA:2,(anonymous_2)
FNDA:0,(anonymous_3)
FNDA:0,(anonymous_4)
FNDA:1,(anonymous_5)
FNDA:1,(anonymous_6)
FNDA:1,(anonymous_7)
FNDA:0,(anonymous_8)
DA:1,4
DA:3,4
DA:4,1
DA:7,4
DA:8,2
DA:11,4
DA:12,0
DA:15,4
DA:16,0
DA:19,4
DA:20,1
DA:21,1
DA:24,4
DA:25,1
DA:28,4
DA:29,1
DA:36,4
DA:37,0
LF:18
LH:15
BRF:0
BRH:0
end_of_record
TN:
SF:src\mappers\board.mapper.ts
FN:4,mapBoardToResponse
FNF:1
FNH:1
FNDA:31,mapBoardToResponse
DA:2,5
DA:4,5
DA:5,31
LF:3
LH:3
BRF:0
BRH:0
end_of_record
TN:
SF:src\mappers\task.mapper.ts
FN:5,mapTaskToResponse
FNF:1
FNH:1
FNDA:17,mapTaskToResponse
DA:2,3
DA:3,3
DA:5,3
DA:6,17
LF:4
LH:4
BRDA:12,0,0,6
BRDA:12,0,1,1
BRDA:13,1,0,6
BRDA:13,1,1,1
BRF:4
BRH:4
end_of_record
TN:
SF:src\mappers\user.mapper.ts
FN:3,mapUserToResponse
FN:24,mapUserToSummary
FNF:2
FNH:2
FNDA:59,mapUserToResponse
FNDA:2,mapUserToSummary
DA:3,7
DA:4,59
DA:24,7
DA:25,2
LF:4
LH:4
BRF:0
BRH:0
end_of_record
TN:
SF:src\middlewares\auth.middleware.ts
FN:17,(anonymous_1)
FNF:1
FNH:1
FNDA:27,(anonymous_1)
DA:2,4
DA:3,4
DA:5,4
DA:15,4
DA:17,4
DA:18,27
DA:20,27
DA:21,5
DA:24,22
DA:26,22
DA:27,0
DA:30,22
DA:31,22
DA:32,21
DA:33,21
DA:35,1
LF:16
LH:15
BRDA:15,0,0,4
BRDA:15,0,1,0
BRDA:20,1,0,5
BRDA:20,1,1,22
BRDA:20,2,0,27
BRDA:20,2,1,23
BRDA:26,3,0,0
BRDA:26,3,1,22
BRF:8
BRH:6
end_of_record
TN:
SF:src\middlewares\role.middleware.ts
FN:3,(anonymous_0)
FN:15,(anonymous_1)
FN:27,(anonymous_2)
FN:39,(anonymous_3)
FNF:4
FNH:4
FNDA:11,(anonymous_0)
FNDA:2,(anonymous_1)
FNDA:2,(anonymous_2)
FNDA:12,(anonymous_3)
DA:3,4
DA:4,11
DA:5,11
DA:6,2
DA:9,8
DA:11,1
DA:15,4
DA:16,2
DA:17,2
DA:18,1
DA:20,1
DA:23,0
DA:27,4
DA:28,2
DA:29,2
DA:30,1
DA:32,1
DA:34,0
DA:39,4
DA:40,12
DA:41,12
DA:42,3
DA:44,8
DA:46,1
LF:24
LH:22
BRDA:5,0,0,2
BRDA:5,0,1,8
BRDA:17,1,0,1
BRDA:17,1,1,1
BRDA:29,2,0,1
BRDA:29,2,1,1
BRDA:41,3,0,3
BRDA:41,3,1,8
BRDA:41,4,0,12
BRDA:41,4,1,8
BRF:10
BRH:10
end_of_record
TN:
SF:src\middlewares\validate.middleware.ts
FN:5,(anonymous_0)
FN:6,(anonymous_1)
FNF:2
FNH:2
FNDA:7,(anonymous_0)
FNDA:7,(anonymous_1)
DA:5,3
DA:6,7
DA:7,7
DA:8,7
DA:9,6
DA:13,1
LF:6
LH:6
BRDA:13,0,0,1
BRDA:13,0,1,1
BRF:2
BRH:2
end_of_record
TN:
SF:src\models\board.model.ts
FNF:0
FNH:0
DA:1,6
DA:14,6
DA:25,6
LF:3
LH:3
BRF:0
BRH:0
end_of_record
TN:
SF:src\models\role.model.ts
FNF:0
FNH:0
DA:1,3
DA:9,3
DA:20,3
LF:3
LH:3
BRF:0
BRH:0
end_of_record
TN:
SF:src\models\task.model.ts
FNF:0
FNH:0
DA:1,6
DA:18,6
DA:46,6
LF:3
LH:3
BRF:0
BRH:0
end_of_record
TN:
SF:src\models\user.model.ts
FNF:0
FNH:0
DA:1,6
DA:20,6
DA:33,6
LF:3
LH:3
BRF:0
BRH:0
end_of_record
TN:
SF:src\routes\board.routes.ts
FNF:0
FNH:0
DA:1,1
DA:2,1
DA:3,1
DA:4,1
DA:5,1
DA:6,1
DA:8,1
DA:22,1
DA:38,1
DA:60,1
DA:82,1
DA:110,1
DA:132,1
DA:152,1
DA:177,1
DA:202,1
DA:204,1
LF:17
LH:17
BRF:0
BRH:0
end_of_record
TN:
SF:src\routes\task.routes.ts
FNF:0
FNH:0
DA:1,1
DA:2,1
DA:3,1
DA:4,1
DA:5,1
DA:6,1
DA:8,1
DA:22,1
DA:38,1
DA:58,1
DA:78,1
DA:100,1
DA:122,1
DA:150,1
DA:180,1
DA:200,1
DA:222,1
DA:224,1
LF:18
LH:18
BRF:0
BRH:0
end_of_record
TN:
SF:src\routes\user.routes.ts
FNF:0
FNH:0
DA:1,1
DA:2,1
DA:3,1
DA:4,1
DA:5,1
DA:6,1
DA:8,1
DA:24,1
DA:46,1
DA:68,1
DA:70,1
DA:98,1
DA:120,1
DA:121,1
DA:123,1
LF:15
LH:15
BRF:0
BRH:0
end_of_record
TN:
SF:src\services\auth.service.ts
FN:11,(anonymous_10)
FN:59,(anonymous_11)
FN:63,(anonymous_12)
FNF:3
FNH:2
FNDA:3,(anonymous_10)
FNDA:0,(anonymous_11)
FNDA:2,(anonymous_12)
DA:1,1
DA:2,1
DA:3,1
DA:4,1
DA:5,1
DA:7,1
DA:8,1
DA:9,1
DA:11,1
DA:12,3
DA:13,3
DA:15,2
DA:17,2
DA:19,1
DA:20,0
DA:23,1
DA:25,1
DA:26,0
DA:27,0
DA:28,0
DA:31,0
DA:39,0
DA:42,1
DA:44,1
DA:51,1
DA:54,0
DA:55,0
DA:59,1
DA:60,0
DA:63,1
DA:64,2
DA:65,2
DA:67,1
DA:68,1
DA:70,1
DA:71,0
DA:78,0
DA:81,1
DA:83,1
DA:89,1
LF:40
LH:29
BRDA:7,0,0,1
BRDA:7,0,1,0
BRDA:9,1,0,1
BRDA:9,1,1,0
BRDA:13,2,0,1
BRDA:13,2,1,2
BRDA:17,3,0,1
BRDA:17,3,1,1
BRDA:19,4,0,0
BRDA:19,4,1,1
BRDA:19,5,0,1
BRDA:19,5,1,1
BRDA:25,6,0,0
BRDA:25,6,1,1
BRDA:27,7,0,0
BRDA:27,7,1,0
BRDA:34,8,0,0
BRDA:34,8,1,0
BRDA:42,9,0,0
BRDA:42,9,1,1
BRDA:65,10,0,1
BRDA:65,10,1,1
BRDA:70,11,0,0
BRDA:70,11,1,1
BRDA:81,12,0,0
BRDA:81,12,1,1
BRF:26
BRH:15
end_of_record
TN:
SF:src\services\board.service.ts
FN:8,(anonymous_9)
FN:15,(anonymous_10)
FN:19,(anonymous_11)
FN:25,(anonymous_12)
FN:29,(anonymous_13)
FN:31,(anonymous_14)
FN:36,(anonymous_15)
FN:42,(anonymous_16)
FN:48,(anonymous_17)
FN:53,(anonymous_18)
FN:57,(anonymous_19)
FN:61,(anonymous_20)
FNF:12
FNH:6
FNDA:4,(anonymous_9)
FNDA:0,(anonymous_10)
FNDA:7,(anonymous_11)
FNDA:2,(anonymous_12)
FNDA:1,(anonymous_13)
FNDA:0,(anonymous_14)
FNDA:1,(anonymous_15)
FNDA:0,(anonymous_16)
FNDA:3,(anonymous_17)
FNDA:0,(anonymous_18)
FNDA:0,(anonymous_19)
FNDA:0,(anonymous_20)
DA:1,3
DA:2,3
DA:4,3
DA:8,3
DA:9,4
DA:10,3
DA:12,1
DA:15,3
DA:16,0
DA:19,3
DA:20,7
DA:21,7
DA:22,6
DA:23,3
DA:24,3
DA:25,2
DA:26,3
DA:29,3
DA:30,1
DA:31,1
DA:33,1
DA:36,3
DA:37,1
DA:39,1
DA:40,1
DA:41,1
DA:42,0
DA:45,1
DA:48,3
DA:49,3
DA:50,3
DA:53,3
DA:54,0
DA:57,3
DA:58,0
DA:61,3
DA:62,0
LF:37
LH:32
BRDA:9,0,0,3
BRDA:9,0,1,1
BRDA:9,1,0,4
BRDA:9,1,1,2
BRDA:21,2,0,1
BRDA:21,2,1,6
BRDA:22,3,0,3
BRDA:22,3,1,3
BRDA:22,4,0,6
BRDA:22,4,1,6
BRDA:22,4,2,4
BRDA:23,5,0,3
BRDA:23,5,1,0
BRDA:24,6,0,3
BRDA:24,6,1,2
BRDA:25,7,0,2
BRDA:25,7,1,0
BRDA:26,8,0,2
BRDA:26,8,1,1
BRDA:31,9,0,0
BRDA:31,9,1,1
BRDA:39,10,0,1
BRDA:39,10,1,0
BRDA:40,11,0,0
BRDA:40,11,1,1
BRDA:41,12,0,0
BRDA:41,12,1,1
BRF:27
BRH:21
end_of_record
TN:
SF:src\services\task.service.ts
FN:9,(anonymous_10)
FN:14,(anonymous_11)
FN:18,(anonymous_12)
FN:22,(anonymous_13)
FN:30,(anonymous_14)
FN:50,(anonymous_15)
FN:64,(anonymous_16)
FN:68,(anonymous_17)
FN:72,(anonymous_18)
FN:80,(anonymous_19)
FN:85,(anonymous_20)
FN:89,(anonymous_21)
FNF:12
FNH:6
FNDA:4,(anonymous_10)
FNDA:2,(anonymous_11)
FNDA:0,(anonymous_12)
FNDA:6,(anonymous_13)
FNDA:5,(anonymous_14)
FNDA:1,(anonymous_15)
FNDA:1,(anonymous_16)
FNDA:0,(anonymous_17)
FNDA:0,(anonymous_18)
FNDA:0,(anonymous_19)
FNDA:0,(anonymous_20)
FNDA:0,(anonymous_21)
DA:1,3
DA:2,3
DA:4,3
DA:6,3
DA:9,3
DA:10,4
DA:11,3
DA:13,1
DA:14,2
DA:15,1
DA:18,3
DA:19,0
DA:22,3
DA:23,6
DA:24,6
DA:25,5
DA:26,2
DA:27,2
DA:30,3
DA:31,5
DA:32,5
DA:33,5
DA:35,5
DA:36,5
DA:37,4
DA:38,4
DA:39,1
DA:42,3
DA:50,3
DA:51,1
DA:53,1
DA:54,1
DA:55,1
DA:56,1
DA:57,1
DA:58,1
DA:59,1
DA:61,1
DA:64,3
DA:65,1
DA:68,3
DA:69,0
DA:72,3
DA:73,0
DA:74,0
DA:76,0
DA:77,0
DA:78,0
DA:79,0
DA:80,0
DA:81,0
DA:82,0
DA:85,3
DA:86,0
DA:89,3
DA:90,0
LF:56
LH:43
BRDA:10,0,0,3
BRDA:10,0,1,1
BRDA:10,1,0,4
BRDA:10,1,1,2
BRDA:24,2,0,1
BRDA:24,2,1,5
BRDA:25,3,0,3
BRDA:25,3,1,2
BRDA:25,4,0,5
BRDA:25,4,1,5
BRDA:25,4,2,3
BRDA:26,5,0,2
BRDA:26,5,1,0
BRDA:27,6,0,1
BRDA:27,6,1,1
BRDA:36,7,0,1
BRDA:36,7,1,4
BRDA:38,8,0,1
BRDA:38,8,1,3
BRDA:38,9,0,4
BRDA:38,9,1,3
BRDA:53,10,0,1
BRDA:53,10,1,0
BRDA:54,11,0,0
BRDA:54,11,1,1
BRDA:55,12,0,0
BRDA:55,12,1,1
BRDA:56,13,0,0
BRDA:56,13,1,1
BRDA:57,14,0,1
BRDA:57,14,1,0
BRDA:58,15,0,1
BRDA:58,15,1,0
BRDA:59,16,0,1
BRDA:59,16,1,0
BRDA:73,17,0,0
BRDA:73,17,1,0
BRDA:73,18,0,0
BRDA:73,18,1,0
BRDA:73,18,2,0
BRDA:77,19,0,0
BRDA:77,19,1,0
BRDA:78,20,0,0
BRDA:78,20,1,0
BRDA:79,21,0,0
BRDA:79,21,1,0
BRDA:80,22,0,0
BRDA:80,22,1,0
BRDA:81,23,0,0
BRDA:81,23,1,0
BRF:50
BRH:27
end_of_record
TN:
SF:src\services\user.service.ts
FN:6,(anonymous_9)
FN:10,(anonymous_10)
FN:14,(anonymous_11)
FN:18,(anonymous_12)
FN:22,(anonymous_13)
FN:29,(anonymous_14)
FN:47,(anonymous_15)
FN:51,(anonymous_16)
FNF:8
FNH:8
FNDA:2,(anonymous_9)
FNDA:3,(anonymous_10)
FNDA:1,(anonymous_11)
FNDA:1,(anonymous_12)
FNDA:4,(anonymous_13)
FNDA:3,(anonymous_14)
FNDA:2,(anonymous_15)
FNDA:1,(anonymous_16)
DA:1,3
DA:3,3
DA:6,3
DA:7,2
DA:10,3
DA:11,3
DA:14,3
DA:15,1
DA:18,3
DA:19,1
DA:22,3
DA:23,4
DA:24,4
DA:26,4
DA:29,3
DA:30,3
DA:32,3
DA:33,3
DA:34,3
DA:35,3
DA:36,3
DA:37,3
DA:38,3
DA:40,3
DA:41,1
DA:44,3
DA:47,3
DA:48,2
DA:51,3
DA:52,1
LF:30
LH:30
BRDA:24,0,0,4
BRDA:24,0,1,2
BRDA:32,1,0,2
BRDA:32,1,1,1
BRDA:33,2,0,0
BRDA:33,2,1,3
BRDA:34,3,0,0
BRDA:34,3,1,3
BRDA:35,4,0,0
BRDA:35,4,1,3
BRDA:36,5,0,0
BRDA:36,5,1,3
BRDA:37,6,0,0
BRDA:37,6,1,3
BRDA:38,7,0,0
BRDA:38,7,1,3
BRDA:40,8,0,1
BRDA:40,8,1,2
BRF:18
BRH:12
end_of_record
TN:
SF:src\utils\googleVerify.ts
FN:19,verifyGoogleIdToken
FNF:1
FNH:0
FNDA:0,verifyGoogleIdToken
DA:1,1
DA:2,1
DA:3,1
DA:5,1
DA:7,1
DA:19,1
DA:20,0
DA:21,0
DA:22,0
DA:23,0
LF:10
LH:6
BRDA:5,0,0,1
BRDA:5,0,1,0
BRDA:22,1,0,0
BRDA:22,1,1,0
BRF:4
BRH:1
end_of_record
TN:
SF:src\validators\board.validator.ts
FNF:0
FNH:0
DA:1,1
DA:3,1
DA:12,1
LF:3
LH:3
BRF:0
BRH:0
end_of_record
TN:
SF:src\validators\task.validator.ts
FNF:0
FNH:0
DA:1,1
DA:3,1
DA:5,1
DA:14,1
DA:18,1
LF:5
LH:5
BRF:0
BRH:0
end_of_record
TN:
SF:src\validators\user.validator.ts
FNF:0
FNH:0
DA:1,1
DA:3,1
DA:5,1
DA:17,1
DA:27,1
LF:5
LH:5
BRF:0
BRH:0
end_of_record
