TN:
SF:src\controller\user.controller.ts
FN:6,(anonymous_9)
FN:15,(anonymous_10)
FN:29,(anonymous_11)
FN:43,(anonymous_12)
FN:57,(anonymous_13)
FN:67,(anonymous_14)
FN:82,(anonymous_15)
FNF:7
FNH:5
FNDA:1,(anonymous_9)
FNDA:2,(anonymous_10)
FNDA:0,(anonymous_11)
FNDA:0,(anonymous_12)
FNDA:1,(anonymous_13)
FNDA:1,(anonymous_14)
FNDA:1,(anonymous_15)
DA:2,1
DA:4,1
DA:6,1
DA:7,1
DA:8,1
DA:9,1
DA:11,0
DA:15,1
DA:16,2
DA:17,2
DA:18,2
DA:19,2
DA:20,2
DA:21,1
DA:23,1
DA:25,0
DA:29,1
DA:30,0
DA:31,0
DA:32,0
DA:33,0
DA:34,0
DA:35,0
DA:37,0
DA:39,0
DA:43,1
DA:44,0
DA:45,0
DA:46,0
DA:47,0
DA:48,0
DA:49,0
DA:51,0
DA:53,0
DA:57,1
DA:58,1
DA:59,1
DA:60,1
DA:61,1
DA:63,0
DA:67,1
DA:68,1
DA:69,1
DA:70,1
DA:71,1
DA:72,1
DA:73,1
DA:74,0
DA:76,1
DA:78,0
DA:82,1
DA:83,1
DA:84,1
DA:85,1
DA:86,1
DA:87,1
DA:88,1
DA:90,0
LF:58
LH:36
BRDA:18,0,0,0
BRDA:18,0,1,2
BRDA:20,1,0,1
BRDA:20,1,1,1
BRDA:32,2,0,0
BRDA:32,2,1,0
BRDA:34,3,0,0
BRDA:34,3,1,0
BRDA:46,4,0,0
BRDA:46,4,1,0
BRDA:48,5,0,0
BRDA:48,5,1,0
BRDA:70,6,0,0
BRDA:70,6,1,1
BRDA:73,7,0,0
BRDA:73,7,1,1
BRDA:85,8,0,0
BRDA:85,8,1,1
BRDA:87,9,0,0
BRDA:87,9,1,1
BRF:20
BRH:7
end_of_record
TN:
SF:src\dao\user.dao.ts
FN:3,(anonymous_1)
FN:7,(anonymous_2)
FN:11,(anonymous_3)
FN:15,(anonymous_4)
FN:19,(anonymous_5)
FN:24,(anonymous_6)
FN:28,(anonymous_7)
FNF:7
FNH:5
FNDA:1,(anonymous_1)
FNDA:2,(anonymous_2)
FNDA:0,(anonymous_3)
FNDA:0,(anonymous_4)
FNDA:1,(anonymous_5)
FNDA:1,(anonymous_6)
FNDA:1,(anonymous_7)
DA:1,1
DA:3,1
DA:4,1
DA:7,1
DA:8,2
DA:11,1
DA:12,0
DA:15,1
DA:16,0
DA:19,1
DA:20,1
DA:21,1
DA:24,1
DA:25,1
DA:28,1
DA:29,1
LF:16
LH:14
BRF:0
BRH:0
end_of_record
TN:
SF:src\mappers\user.mapper.ts
FN:3,mapUserToResponse
FNF:1
FNH:1
FNDA:6,mapUserToResponse
DA:3,1
DA:4,6
LF:2
LH:2
BRF:0
BRH:0
end_of_record
TN:
SF:src\middlewares\auth.middleware.ts
FN:17,(anonymous_1)
FNF:1
FNH:1
FNDA:9,(anonymous_1)
DA:2,1
DA:3,1
DA:5,1
DA:15,1
DA:17,1
DA:18,9
DA:20,9
DA:21,1
DA:24,8
DA:26,8
DA:27,0
DA:30,8
DA:31,8
DA:32,8
DA:33,8
DA:35,0
LF:16
LH:14
BRDA:15,0,0,1
BRDA:15,0,1,0
BRDA:20,1,0,1
BRDA:20,1,1,8
BRDA:20,2,0,9
BRDA:20,2,1,8
BRDA:26,3,0,0
BRDA:26,3,1,8
BRF:8
BRH:6
end_of_record
TN:
SF:src\middlewares\role.middleware.ts
FN:3,(anonymous_0)
FN:15,(anonymous_1)
FN:27,(anonymous_2)
FN:39,(anonymous_3)
FNF:4
FNH:1
FNDA:8,(anonymous_0)
FNDA:0,(anonymous_1)
FNDA:0,(anonymous_2)
FNDA:0,(anonymous_3)
DA:3,1
DA:4,8
DA:5,8
DA:6,1
DA:9,7
DA:11,0
DA:15,1
DA:16,0
DA:17,0
DA:18,0
DA:20,0
DA:23,0
DA:27,1
DA:28,0
DA:29,0
DA:30,0
DA:32,0
DA:34,0
DA:39,1
DA:40,0
DA:41,0
DA:42,0
DA:44,0
DA:46,0
LF:24
LH:8
BRDA:5,0,0,1
BRDA:5,0,1,7
BRDA:17,1,0,0
BRDA:17,1,1,0
BRDA:29,2,0,0
BRDA:29,2,1,0
BRDA:41,3,0,0
BRDA:41,3,1,0
BRDA:41,4,0,0
BRDA:41,4,1,0
BRF:10
BRH:2
end_of_record
TN:
SF:src\middlewares\validate.middleware.ts
FN:5,(anonymous_0)
FN:6,(anonymous_1)
FNF:2
FNH:2
FNDA:2,(anonymous_0)
FNDA:3,(anonymous_1)
DA:5,1
DA:6,2
DA:7,3
DA:8,3
DA:9,2
DA:13,1
LF:6
LH:6
BRDA:13,0,0,1
BRDA:13,0,1,1
BRF:2
BRH:2
end_of_record
TN:
SF:src\models\role.model.ts
FNF:0
FNH:0
DA:1,1
DA:9,1
DA:20,1
LF:3
LH:3
BRF:0
BRH:0
end_of_record
TN:
SF:src\models\user.model.ts
FNF:0
FNH:0
DA:1,1
DA:20,1
DA:33,1
LF:3
LH:3
BRF:0
BRH:0
end_of_record
TN:
SF:src\routes\user.routes.ts
FNF:0
FNH:0
DA:1,1
DA:2,1
DA:3,1
DA:4,1
DA:5,1
DA:6,1
DA:8,1
DA:24,1
DA:46,1
DA:68,1
DA:96,1
DA:118,1
DA:120,1
LF:13
LH:13
BRF:0
BRH:0
end_of_record
TN:
SF:src\services\user.service.ts
FN:9,(anonymous_10)
FN:13,(anonymous_11)
FN:17,(anonymous_12)
FN:21,(anonymous_13)
FN:25,(anonymous_14)
FN:35,(anonymous_15)
FN:57,(anonymous_16)
FNF:7
FNH:5
FNDA:1,(anonymous_10)
FNDA:2,(anonymous_11)
FNDA:0,(anonymous_12)
FNDA:0,(anonymous_13)
FNDA:1,(anonymous_14)
FNDA:1,(anonymous_15)
FNDA:1,(anonymous_16)
DA:1,1
DA:3,1
DA:4,1
DA:7,1
DA:9,1
DA:10,1
DA:13,1
DA:14,2
DA:17,1
DA:18,0
DA:21,1
DA:22,0
DA:25,1
DA:26,1
DA:27,1
DA:30,1
DA:32,1
DA:35,1
DA:36,1
DA:38,1
DA:39,1
DA:40,1
DA:41,1
DA:42,1
DA:43,1
DA:44,1
DA:46,1
DA:47,0
DA:50,1
DA:51,0
DA:54,1
DA:57,1
DA:58,1
LF:33
LH:29
BRDA:7,0,0,1
BRDA:7,0,1,1
BRDA:26,1,0,1
BRDA:26,1,1,0
BRDA:38,2,0,1
BRDA:38,2,1,0
BRDA:39,3,0,0
BRDA:39,3,1,1
BRDA:40,4,0,0
BRDA:40,4,1,1
BRDA:41,5,0,0
BRDA:41,5,1,1
BRDA:42,6,0,0
BRDA:42,6,1,1
BRDA:43,7,0,0
BRDA:43,7,1,1
BRDA:44,8,0,0
BRDA:44,8,1,1
BRDA:46,9,0,0
BRDA:46,9,1,1
BRDA:50,10,0,0
BRDA:50,10,1,1
BRF:22
BRH:12
end_of_record
TN:
SF:src\validators\user.validator.ts
FNF:0
FNH:0
DA:1,1
DA:3,1
DA:5,1
DA:17,1
DA:30,1
LF:5
LH:5
BRF:0
BRH:0
end_of_record
